2025-12-07 13:17:53 - media_renamer_app - INFO - Application logging initialized - Log file: C:\Kiro\MediaUtils\logs\app_20251207_131753.log
2025-12-07 13:17:53 - media_renamer_app - INFO - Session logging initialized - Session file: C:\Kiro\MediaUtils\logs\session_20251207_131753.log
2025-12-07 13:17:53 - media_renamer_app - INFO - Application starting - Media File Renamer v2.0.0
2025-12-07 13:17:53 - media_renamer_app - INFO - City cache loaded with 68 entries
2025-12-07 13:17:53 - media_renamer_app - INFO - All application systems initialized successfully
2025-12-07 13:17:53 - media_renamer_app - INFO - GUI application starting up with integrated systems
2025-12-07 13:17:53 - media_renamer_app - INFO - MediaProcessor initialized with caching and error recovery
2025-12-07 13:17:53 - media_renamer_app - INFO - FileOperations initialized with 16 supported extensions
2025-12-07 13:17:53 - media_renamer_app - INFO - GUI window initialized with geometry: 1x1+153+180
2025-12-07 13:17:53 - media_renamer_app - INFO - GUI application initialization completed
2025-12-07 13:17:53 - media_renamer_app - INFO - Starting GUI application...
2025-12-07 13:18:23 - media_renamer_app - INFO - User opened folder browser dialog, initial dir: C:/Users/btria/Pictures/1111
2025-12-07 13:18:33 - media_renamer_app - INFO - User selected folder: E:/My Babies/Photos/2024/2024.Κωνσταντινούπολη
2025-12-07 13:18:37 - media_renamer_app - INFO - User initiated file discovery for folder: E:/My Babies/Photos/2024/2024.Κωνσταντινούπολη
2025-12-07 13:18:37 - media_renamer_app - INFO - Starting file discovery and metadata extraction
2025-12-07 13:18:37 - media_renamer_app - INFO - Starting file discovery in folder: E:/My Babies/Photos/2024/2024.Κωνσταντινούπολη
2025-12-07 13:18:37 - media_renamer_app - INFO - Found 194 total files in E:/My Babies/Photos/2024/2024.Κωνσταντινούπολη
2025-12-07 13:18:37 - media_renamer_app - INFO - Discovered 194 supported media files
2025-12-07 13:18:37 - media_renamer_app - INFO - Discovered 194 files in E:/My Babies/Photos/2024/2024.Κωνσταντινούπολη
2025-12-07 13:18:37 - media_renamer_app - INFO - Successfully extracted date from image E:/My Babies/Photos/2024/2024.Κωνσταντινούπολη\2024.03.14-11.56.10.jpg: 2024-05-11 14:22:42
2025-12-07 13:18:37 - media_renamer_app - INFO - Successfully extracted date from image E:/My Babies/Photos/2024/2024.Κωνσταντινούπολη\2024.03.14-12.57.20.jpg: 2024-05-11 14:22:45
2025-12-07 13:18:37 - media_renamer_app - INFO - Successfully extracted date from image E:/My Babies/Photos/2024/2024.Κωνσταντινούπολη\2024.03.14-13.34.25.jpg: 2024-05-11 14:22:48
2025-12-07 13:18:37 - media_renamer_app - INFO - Successfully extracted date from image E:/My Babies/Photos/2024/2024.Κωνσταντινούπολη\2024.03.14-14.31.10.jpg: 2024-05-11 14:22:44
2025-12-07 13:18:37 - media_renamer_app - INFO - Successfully extracted date from image E:/My Babies/Photos/2024/2024.Κωνσταντινούπολη\2024.03.14-14.33.33.jpg: 2024-05-11 14:22:50
2025-12-07 13:18:37 - media_renamer_app - INFO - Successfully extracted date from image E:/My Babies/Photos/2024/2024.Κωνσταντινούπολη\2024.03.14-14.37.09.jpg: 2024-05-11 14:22:42
2025-12-07 13:18:37 - media_renamer_app - INFO - Successfully extracted date from image E:/My Babies/Photos/2024/2024.Κωνσταντινούπολη\2024.03.14-14.38.14.jpg: 2024-05-11 14:22:42
2025-12-07 13:18:37 - media_renamer_app - INFO - Successfully extracted date from image E:/My Babies/Photos/2024/2024.Κωνσταντινούπολη\2024.03.14-14.38.29.jpg: 2024-05-11 14:22:43
2025-12-07 13:18:37 - media_renamer_app - INFO - Successfully extracted date from image E:/My Babies/Photos/2024/2024.Κωνσταντινούπολη\2024.03.14-15.32.45.jpg: 2024-05-11 14:22:45
2025-12-07 13:18:37 - media_renamer_app - INFO - Successfully extracted date from image E:/My Babies/Photos/2024/2024.Κωνσταντινούπολη\2024.03.14-15.44.34.jpg: 2024-05-11 14:22:45
2025-12-07 13:18:37 - media_renamer_app - INFO - Successfully extracted date from image E:/My Babies/Photos/2024/2024.Κωνσταντινούπολη\2024.03.14-15.49.03.jpg: 2024-05-11 14:22:50
2025-12-07 13:18:37 - media_renamer_app - INFO - Successfully extracted date from image E:/My Babies/Photos/2024/2024.Κωνσταντινούπολη\2024.03.15-09.07.30.jpg: 2024-05-11 14:22:56
2025-12-07 13:18:37 - media_renamer_app - INFO - Successfully extracted date from image E:/My Babies/Photos/2024/2024.Κωνσταντινούπολη\2024.03.15-09.07.50.jpg: 2024-05-11 14:22:54
2025-12-07 13:18:37 - media_renamer_app - INFO - Successfully extracted date from image E:/My Babies/Photos/2024/2024.Κωνσταντινούπολη\2024.03.15-09.09.34.jpg: 2024-05-11 14:22:52
2025-12-07 13:18:37 - media_renamer_app - INFO - Successfully extracted date from image E:/My Babies/Photos/2024/2024.Κωνσταντινούπολη\2024.03.15-09.09.44.jpg: 2024-05-11 14:22:57
2025-12-07 13:18:37 - media_renamer_app - INFO - Successfully extracted date from image E:/My Babies/Photos/2024/2024.Κωνσταντινούπολη\2024.03.15-09.09.52.jpg: 2024-05-11 14:22:56
2025-12-07 13:18:37 - media_renamer_app - INFO - Successfully extracted date from image E:/My Babies/Photos/2024/2024.Κωνσταντινούπολη\2024.03.15-09.32.46.jpg: 2024-05-11 14:22:59
2025-12-07 13:18:37 - media_renamer_app - INFO - Successfully extracted date from image E:/My Babies/Photos/2024/2024.Κωνσταντινούπολη\2024.03.15-09.37.19.jpg: 2024-05-11 14:22:54
2025-12-07 13:18:37 - media_renamer_app - INFO - Successfully extracted date from image E:/My Babies/Photos/2024/2024.Κωνσταντινούπολη\2024.03.15-09.37.36.jpg: 2024-05-11 14:22:59
2025-12-07 13:18:38 - media_renamer_app - INFO - Successfully extracted date from image E:/My Babies/Photos/2024/2024.Κωνσταντινούπολη\2024.03.15-09.46.45.jpg: 2024-05-11 14:22:59
2025-12-07 13:18:38 - media_renamer_app - INFO - Successfully extracted date from image E:/My Babies/Photos/2024/2024.Κωνσταντινούπολη\2024.03.15-09.47.45.jpg: 2024-05-11 14:22:57
2025-12-07 13:18:38 - media_renamer_app - INFO - Successfully extracted date from image E:/My Babies/Photos/2024/2024.Κωνσταντινούπολη\2024.03.15-09.47.51.jpg: 2024-05-11 14:23:01
2025-12-07 13:18:38 - media_renamer_app - INFO - Successfully extracted date from image E:/My Babies/Photos/2024/2024.Κωνσταντινούπολη\2024.03.15-09.52.04.jpg: 2024-05-11 14:23:06
2025-12-07 13:18:38 - media_renamer_app - INFO - Successfully extracted date from image E:/My Babies/Photos/2024/2024.Κωνσταντινούπολη\2024.03.15-10.14.10.jpg: 2024-05-11 14:23:05
2025-12-07 13:18:38 - media_renamer_app - INFO - Successfully extracted date from image E:/My Babies/Photos/2024/2024.Κωνσταντινούπολη\2024.03.15-10.14.13.jpg: 2024-05-11 14:23:08
2025-12-07 13:18:38 - media_renamer_app - INFO - Successfully extracted date from image E:/My Babies/Photos/2024/2024.Κωνσταντινούπολη\2024.03.15-10.15.43.jpg: 2024-05-11 14:23:06
2025-12-07 13:18:38 - media_renamer_app - INFO - Successfully extracted date from image E:/My Babies/Photos/2024/2024.Κωνσταντινούπολη\2024.03.15-10.16.13.jpg: 2024-05-11 14:23:06
2025-12-07 13:18:38 - media_renamer_app - INFO - Successfully extracted date from image E:/My Babies/Photos/2024/2024.Κωνσταντινούπολη\2024.03.15-10.16.41.jpg: 2024-05-11 14:23:10
2025-12-07 13:18:38 - media_renamer_app - INFO - Successfully extracted date from image E:/My Babies/Photos/2024/2024.Κωνσταντινούπολη\2024.03.15-10.16.44.jpg: 2024-05-11 14:23:06
2025-12-07 13:18:38 - media_renamer_app - INFO - Successfully extracted date from image E:/My Babies/Photos/2024/2024.Κωνσταντινούπολη\2024.03.15-10.17.08.jpg: 2024-05-11 14:23:11
2025-12-07 13:18:38 - media_renamer_app - INFO - Successfully extracted date from image E:/My Babies/Photos/2024/2024.Κωνσταντινούπολη\2024.03.15-10.17.10.jpg: 2024-05-11 14:23:10
2025-12-07 13:18:38 - media_renamer_app - INFO - Successfully extracted date from image E:/My Babies/Photos/2024/2024.Κωνσταντινούπολη\2024.03.15-10.17.13.jpg: 2024-05-11 14:23:13
2025-12-07 13:18:38 - media_renamer_app - INFO - Successfully extracted date from image E:/My Babies/Photos/2024/2024.Κωνσταντινούπολη\2024.03.15-10.17.17.jpg: 2024-05-11 14:23:15
2025-12-07 13:18:38 - media_renamer_app - INFO - Successfully extracted date from image E:/My Babies/Photos/2024/2024.Κωνσταντινούπολη\2024.03.15-10.17.18.jpg: 2024-05-11 14:23:13
2025-12-07 13:18:38 - media_renamer_app - INFO - Successfully extracted date from image E:/My Babies/Photos/2024/2024.Κωνσταντινούπολη\2024.03.15-10.17.21.jpg: 2024-05-11 14:23:17
2025-12-07 13:18:38 - media_renamer_app - INFO - Successfully extracted date from image E:/My Babies/Photos/2024/2024.Κωνσταντινούπολη\2024.03.15-10.17.39.jpg: 2024-05-11 14:23:16
2025-12-07 13:18:38 - media_renamer_app - INFO - Successfully extracted date from image E:/My Babies/Photos/2024/2024.Κωνσταντινούπολη\2024.03.15-10.18.31.jpg: 2024-05-11 14:23:16
2025-12-07 13:18:38 - media_renamer_app - INFO - Successfully extracted date from image E:/My Babies/Photos/2024/2024.Κωνσταντινούπολη\2024.03.15-10.19.45.jpg: 2024-05-11 14:23:17
2025-12-07 13:18:38 - media_renamer_app - INFO - Successfully extracted date from image E:/My Babies/Photos/2024/2024.Κωνσταντινούπολη\2024.03.15-10.19.50.jpg: 2024-05-11 14:23:16
2025-12-07 13:18:38 - media_renamer_app - INFO - Successfully extracted date from image E:/My Babies/Photos/2024/2024.Κωνσταντινούπολη\2024.03.15-10.20.24.jpg: 2024-05-11 14:23:19
2025-12-07 13:18:38 - media_renamer_app - INFO - Successfully extracted date from image E:/My Babies/Photos/2024/2024.Κωνσταντινούπολη\2024.03.15-10.29.08.jpg: 2024-05-11 14:23:21
2025-12-07 13:18:38 - media_renamer_app - INFO - Successfully extracted date from image E:/My Babies/Photos/2024/2024.Κωνσταντινούπολη\2024.03.15-10.30.09.jpg: 2024-05-11 14:23:22
2025-12-07 13:18:38 - media_renamer_app - INFO - Successfully extracted date from image E:/My Babies/Photos/2024/2024.Κωνσταντινούπολη\2024.03.15-10.30.15.jpg: 2024-05-11 14:23:22
2025-12-07 13:18:38 - media_renamer_app - INFO - Successfully extracted date from image E:/My Babies/Photos/2024/2024.Κωνσταντινούπολη\2024.03.15-10.31.16.jpg: 2024-05-11 14:23:19
2025-12-07 13:18:38 - media_renamer_app - INFO - Successfully extracted date from image E:/My Babies/Photos/2024/2024.Κωνσταντινούπολη\2024.03.15-10.31.32.jpg: 2024-05-11 14:23:19
2025-12-07 13:18:38 - media_renamer_app - INFO - Successfully extracted date from image E:/My Babies/Photos/2024/2024.Κωνσταντινούπολη\2024.03.15-10.33.40.jpg: 2024-05-11 14:23:22
2025-12-07 13:18:38 - media_renamer_app - INFO - Successfully extracted date from image E:/My Babies/Photos/2024/2024.Κωνσταντινούπολη\2024.03.15-10.33.48.jpg: 2024-05-11 14:23:26
2025-12-07 13:18:38 - media_renamer_app - INFO - Successfully extracted date from image E:/My Babies/Photos/2024/2024.Κωνσταντινούπολη\2024.03.15-10.33.58.jpg: 2024-05-11 14:23:26
2025-12-07 13:18:38 - media_renamer_app - INFO - Successfully extracted date from image E:/My Babies/Photos/2024/2024.Κωνσταντινούπολη\2024.03.15-10.34.13.jpg: 2024-05-11 14:23:26
2025-12-07 13:18:38 - media_renamer_app - INFO - Successfully extracted date from image E:/My Babies/Photos/2024/2024.Κωνσταντινούπολη\2024.03.15-10.34.24.jpg: 2024-05-11 14:23:29
2025-12-07 13:18:38 - media_renamer_app - INFO - Successfully extracted date from image E:/My Babies/Photos/2024/2024.Κωνσταντινούπολη\2024.03.15-10.42.23.jpg: 2024-05-11 14:23:23
2025-12-07 13:18:38 - media_renamer_app - INFO - Successfully extracted date from image E:/My Babies/Photos/2024/2024.Κωνσταντινούπολη\2024.03.15-10.42.26.jpg: 2024-05-11 14:23:23
2025-12-07 13:18:38 - media_renamer_app - INFO - Successfully extracted date from image E:/My Babies/Photos/2024/2024.Κωνσταντινούπολη\2024.03.15-10.44.00.jpg: 2024-05-11 14:23:25
2025-12-07 13:18:38 - media_renamer_app - INFO - Successfully extracted date from image E:/My Babies/Photos/2024/2024.Κωνσταντινούπολη\2024.03.15-10.44.28.jpg: 2024-05-11 14:23:26
2025-12-07 13:18:38 - media_renamer_app - INFO - Successfully extracted date from image E:/My Babies/Photos/2024/2024.Κωνσταντινούπολη\2024.03.15-10.46.26.jpg: 2024-05-11 14:23:31
2025-12-07 13:18:38 - media_renamer_app - INFO - Successfully extracted date from image E:/My Babies/Photos/2024/2024.Κωνσταντινούπολη\2024.03.15-10.50.23.jpg: 2024-05-11 14:23:31
2025-12-07 13:18:38 - media_renamer_app - INFO - Successfully extracted date from image E:/My Babies/Photos/2024/2024.Κωνσταντινούπολη\2024.03.15-10.55.12.jpg: 2024-05-11 14:23:26
2025-12-07 13:18:38 - media_renamer_app - INFO - Successfully extracted date from image E:/My Babies/Photos/2024/2024.Κωνσταντινούπολη\2024.03.15-10.55.18.jpg: 2024-05-11 14:23:31
2025-12-07 13:18:38 - media_renamer_app - INFO - Successfully extracted date from image E:/My Babies/Photos/2024/2024.Κωνσταντινούπολη\2024.03.15-10.58.02.jpg: 2024-05-11 14:23:28
2025-12-07 13:18:38 - media_renamer_app - INFO - Successfully extracted date from image E:/My Babies/Photos/2024/2024.Κωνσταντινούπολη\2024.03.15-11.03.19.jpg: 2024-05-11 14:23:31
2025-12-07 13:18:38 - media_renamer_app - INFO - Successfully extracted date from image E:/My Babies/Photos/2024/2024.Κωνσταντινούπολη\2024.03.15-11.03.20.jpg: 2024-05-11 14:23:35
2025-12-07 13:18:38 - media_renamer_app - INFO - Successfully extracted date from image E:/My Babies/Photos/2024/2024.Κωνσταντινούπολη\2024.03.15-11.03.21.jpg: 2024-05-11 14:23:34
2025-12-07 13:18:38 - media_renamer_app - INFO - Successfully extracted date from image E:/My Babies/Photos/2024/2024.Κωνσταντινούπολη\2024.03.15-11.03.22.jpg: 2024-05-11 14:23:34
2025-12-07 13:18:38 - media_renamer_app - INFO - Successfully extracted date from image E:/My Babies/Photos/2024/2024.Κωνσταντινούπολη\2024.03.15-11.03.39.jpg: 2024-05-11 14:23:32
2025-12-07 13:18:38 - media_renamer_app - INFO - Successfully extracted date from image E:/My Babies/Photos/2024/2024.Κωνσταντινούπολη\2024.03.15-11.03.41.jpg: 2024-05-11 14:23:31
2025-12-07 13:18:38 - media_renamer_app - INFO - Successfully extracted date from image E:/My Babies/Photos/2024/2024.Κωνσταντινούπολη\2024.03.15-11.03.43.jpg: 2024-05-11 14:23:35
2025-12-07 13:18:38 - media_renamer_app - INFO - Successfully extracted date from image E:/My Babies/Photos/2024/2024.Κωνσταντινούπολη\2024.03.15-11.03.45.jpg: 2024-05-11 14:23:34
2025-12-07 13:18:38 - media_renamer_app - INFO - Successfully extracted date from image E:/My Babies/Photos/2024/2024.Κωνσταντινούπολη\2024.03.15-11.03.47.jpg: 2024-05-11 14:23:35
2025-12-07 13:18:38 - media_renamer_app - INFO - Successfully extracted date from image E:/My Babies/Photos/2024/2024.Κωνσταντινούπολη\2024.03.15-11.03.50.jpg: 2024-05-11 14:23:39
2025-12-07 13:18:38 - media_renamer_app - INFO - Successfully extracted date from image E:/My Babies/Photos/2024/2024.Κωνσταντινούπολη\2024.03.15-11.03.52.jpg: 2024-05-11 14:23:37
2025-12-07 13:18:38 - media_renamer_app - INFO - Successfully extracted date from image E:/My Babies/Photos/2024/2024.Κωνσταντινούπολη\2024.03.15-11.16.41.jpg: 2024-05-11 14:23:35
2025-12-07 13:18:38 - media_renamer_app - INFO - Successfully extracted date from image E:/My Babies/Photos/2024/2024.Κωνσταντινούπολη\2024.03.15-11.17.42.jpg: 2024-05-11 14:23:38
2025-12-07 13:18:38 - media_renamer_app - INFO - Successfully extracted date from image E:/My Babies/Photos/2024/2024.Κωνσταντινούπολη\2024.03.15-11.17.46.jpg: 2024-05-11 14:23:43
2025-12-07 13:18:38 - media_renamer_app - INFO - Successfully extracted date from image E:/My Babies/Photos/2024/2024.Κωνσταντινούπολη\2024.03.15-11.58.51.jpg: 2024-05-11 14:23:39
2025-12-07 13:18:38 - media_renamer_app - INFO - Successfully extracted date from image E:/My Babies/Photos/2024/2024.Κωνσταντινούπολη\2024.03.15-11.59.06.jpg: 2024-05-11 14:23:38
2025-12-07 13:18:38 - media_renamer_app - INFO - Successfully extracted date from image E:/My Babies/Photos/2024/2024.Κωνσταντινούπολη\2024.03.15-12.24.06.jpg: 2024-05-11 14:23:43
2025-12-07 13:18:38 - media_renamer_app - INFO - Successfully extracted date from image E:/My Babies/Photos/2024/2024.Κωνσταντινούπολη\2024.03.15-12.24.11.jpg: 2024-05-11 14:23:43
2025-12-07 13:18:38 - media_renamer_app - INFO - Successfully extracted date from image E:/My Babies/Photos/2024/2024.Κωνσταντινούπολη\2024.03.17-09.58.50.jpg: 2024-03-17 09:58:50
2025-12-07 13:18:38 - media_renamer_app - INFO - GPS coordinates found in E:/My Babies/Photos/2024/2024.Κωνσταντινούπολη\2024.03.17-09.58.50.jpg: 41.0183, 28.9715
2025-12-07 13:18:38 - media_renamer_app - INFO - Starting GPS API lookup for coordinates 41.018341666666664, 28.971452777777777
2025-12-07 13:18:39 - media_renamer_app - INFO - Successfully retrieved city for 41.018341666666664, 28.971452777777777: Istanbul
2025-12-07 13:18:39 - media_renamer_app - INFO - GPS API lookup successful for 41.018341666666664, 28.971452777777777
2025-12-07 13:18:39 - media_renamer_app - INFO - City resolved for E:/My Babies/Photos/2024/2024.Κωνσταντινούπολη\2024.03.17-09.58.50.jpg: Istanbul
2025-12-07 13:18:39 - media_renamer_app - INFO - Successfully extracted date from image E:/My Babies/Photos/2024/2024.Κωνσταντινούπολη\2024.03.17-22.15.48.jpg: 2024-03-17 22:15:48
2025-12-07 13:18:39 - media_renamer_app - INFO - Successfully extracted date from image E:/My Babies/Photos/2024/2024.Κωνσταντινούπολη\2024.03.14-14.45.09.jpg: 2024-03-14 14:45:09
2025-12-07 13:18:39 - media_renamer_app - INFO - GPS coordinates found in E:/My Babies/Photos/2024/2024.Κωνσταντινούπολη\2024.03.14-14.45.09.jpg: 41.0383, 28.9970
2025-12-07 13:18:39 - media_renamer_app - INFO - Starting GPS API lookup for coordinates 41.038269444444445, 28.996969444444446
2025-12-07 13:18:40 - media_renamer_app - INFO - Successfully retrieved city for 41.038269444444445, 28.996969444444446: Beşiktaş
2025-12-07 13:18:40 - media_renamer_app - INFO - GPS API lookup successful for 41.038269444444445, 28.996969444444446
2025-12-07 13:18:40 - media_renamer_app - INFO - City resolved for E:/My Babies/Photos/2024/2024.Κωνσταντινούπολη\2024.03.14-14.45.09.jpg: Beşiktaş
2025-12-07 13:18:40 - media_renamer_app - INFO - Successfully extracted date from image E:/My Babies/Photos/2024/2024.Κωνσταντινούπολη\2024.03.15-10.26.59.jpg: 2024-03-15 10:26:59
2025-12-07 13:18:40 - media_renamer_app - INFO - GPS coordinates found in E:/My Babies/Photos/2024/2024.Κωνσταντινούπολη\2024.03.15-10.26.59.jpg: 41.0085, 28.9800
2025-12-07 13:18:40 - media_renamer_app - INFO - Starting GPS API lookup for coordinates 41.008472222222224, 28.980030555555555
2025-12-07 13:18:41 - media_renamer_app - INFO - Successfully retrieved city for 41.008472222222224, 28.980030555555555: Istanbul
2025-12-07 13:18:41 - media_renamer_app - INFO - GPS API lookup successful for 41.008472222222224, 28.980030555555555
2025-12-07 13:18:41 - media_renamer_app - INFO - City resolved for E:/My Babies/Photos/2024/2024.Κωνσταντινούπολη\2024.03.15-10.26.59.jpg: Istanbul
2025-12-07 13:18:41 - media_renamer_app - INFO - Successfully extracted date from image E:/My Babies/Photos/2024/2024.Κωνσταντινούπολη\2024.03.15-10.27.02.jpg: 2024-03-15 10:27:02
2025-12-07 13:18:41 - media_renamer_app - INFO - GPS coordinates found in E:/My Babies/Photos/2024/2024.Κωνσταντινούπολη\2024.03.15-10.27.02.jpg: 41.0085, 28.9800
2025-12-07 13:18:41 - media_renamer_app - INFO - City resolved for E:/My Babies/Photos/2024/2024.Κωνσταντινούπολη\2024.03.15-10.27.02.jpg: Istanbul
2025-12-07 13:18:41 - media_renamer_app - INFO - Successfully extracted date from image E:/My Babies/Photos/2024/2024.Κωνσταντινούπολη\2024.03.15-10.53.28.jpg: 2024-03-15 10:53:28
2025-12-07 13:18:41 - media_renamer_app - INFO - GPS coordinates found in E:/My Babies/Photos/2024/2024.Κωνσταντινούπολη\2024.03.15-10.53.28.jpg: 41.0082, 28.9803
2025-12-07 13:18:41 - media_renamer_app - INFO - City resolved for E:/My Babies/Photos/2024/2024.Κωνσταντινούπολη\2024.03.15-10.53.28.jpg: Istanbul
2025-12-07 13:18:41 - media_renamer_app - INFO - Successfully extracted date from image E:/My Babies/Photos/2024/2024.Κωνσταντινούπολη\2024.03.15-11.08.05.jpg: 2024-03-15 11:08:05
2025-12-07 13:18:41 - media_renamer_app - INFO - GPS coordinates found in E:/My Babies/Photos/2024/2024.Κωνσταντινούπολη\2024.03.15-11.08.05.jpg: 41.0079, 28.9785
2025-12-07 13:18:41 - media_renamer_app - INFO - Starting GPS API lookup for coordinates 41.007888888888886, 28.978488888888887
2025-12-07 13:18:42 - media_renamer_app - INFO - Successfully retrieved city for 41.007888888888886, 28.978488888888887: Istanbul
2025-12-07 13:18:42 - media_renamer_app - INFO - GPS API lookup successful for 41.007888888888886, 28.978488888888887
2025-12-07 13:18:42 - media_renamer_app - INFO - City resolved for E:/My Babies/Photos/2024/2024.Κωνσταντινούπολη\2024.03.15-11.08.05.jpg: Istanbul
2025-12-07 13:18:42 - media_renamer_app - INFO - Successfully extracted date from image E:/My Babies/Photos/2024/2024.Κωνσταντινούπολη\2024.03.15-11.08.08.jpg: 2024-03-15 11:08:08
2025-12-07 13:18:42 - media_renamer_app - INFO - GPS coordinates found in E:/My Babies/Photos/2024/2024.Κωνσταντινούπολη\2024.03.15-11.08.08.jpg: 41.0079, 28.9785
2025-12-07 13:18:42 - media_renamer_app - INFO - City resolved for E:/My Babies/Photos/2024/2024.Κωνσταντινούπολη\2024.03.15-11.08.08.jpg: Istanbul
2025-12-07 13:18:42 - media_renamer_app - INFO - Successfully extracted date from image E:/My Babies/Photos/2024/2024.Κωνσταντινούπολη\2024.03.15-11.08.16.jpg: 2024-03-15 11:08:16
2025-12-07 13:18:42 - media_renamer_app - INFO - GPS coordinates found in E:/My Babies/Photos/2024/2024.Κωνσταντινούπολη\2024.03.15-11.08.16.jpg: 41.0079, 28.9783
2025-12-07 13:18:42 - media_renamer_app - INFO - City resolved for E:/My Babies/Photos/2024/2024.Κωνσταντινούπολη\2024.03.15-11.08.16.jpg: Istanbul
2025-12-07 13:18:42 - media_renamer_app - INFO - Successfully extracted date from image E:/My Babies/Photos/2024/2024.Κωνσταντινούπολη\2024.03.15-13.00.48.jpg: 2024-03-15 13:00:48
2025-12-07 13:18:42 - media_renamer_app - INFO - GPS coordinates found in E:/My Babies/Photos/2024/2024.Κωνσταντινούπολη\2024.03.15-13.00.48.jpg: 41.0089, 28.9780
2025-12-07 13:18:42 - media_renamer_app - INFO - City resolved for E:/My Babies/Photos/2024/2024.Κωνσταντινούπολη\2024.03.15-13.00.48.jpg: Istanbul
2025-12-07 13:18:42 - media_renamer_app - INFO - Successfully extracted date from image E:/My Babies/Photos/2024/2024.Κωνσταντινούπολη\2024.03.15-17.25.06.jpg: 2024-03-15 17:25:06
2025-12-07 13:18:42 - media_renamer_app - INFO - GPS coordinates found in E:/My Babies/Photos/2024/2024.Κωνσταντινούπολη\2024.03.15-17.25.06.jpg: 41.0173, 28.9729
2025-12-07 13:18:42 - media_renamer_app - INFO - Starting GPS API lookup for coordinates 41.01725833333333, 28.97287222222222
2025-12-07 13:18:43 - media_renamer_app - INFO - Successfully retrieved city for 41.01725833333333, 28.97287222222222: Istanbul
2025-12-07 13:18:43 - media_renamer_app - INFO - GPS API lookup successful for 41.01725833333333, 28.97287222222222
2025-12-07 13:18:43 - media_renamer_app - INFO - City resolved for E:/My Babies/Photos/2024/2024.Κωνσταντινούπολη\2024.03.15-17.25.06.jpg: Istanbul
2025-12-07 13:18:43 - media_renamer_app - INFO - Successfully extracted date from image E:/My Babies/Photos/2024/2024.Κωνσταντινούπολη\2024.03.15-17.25.15.jpg: 2024-03-15 17:25:15
2025-12-07 13:18:43 - media_renamer_app - INFO - GPS coordinates found in E:/My Babies/Photos/2024/2024.Κωνσταντινούπολη\2024.03.15-17.25.15.jpg: 41.0173, 28.9729
2025-12-07 13:18:43 - media_renamer_app - INFO - City resolved for E:/My Babies/Photos/2024/2024.Κωνσταντινούπολη\2024.03.15-17.25.15.jpg: Istanbul
2025-12-07 13:18:43 - media_renamer_app - INFO - Successfully extracted date from image E:/My Babies/Photos/2024/2024.Κωνσταντινούπολη\2024.03.15-18.11.17.jpg: 2024-03-15 18:11:17
2025-12-07 13:18:43 - media_renamer_app - INFO - GPS coordinates found in E:/My Babies/Photos/2024/2024.Κωνσταντινούπολη\2024.03.15-18.11.17.jpg: 41.0052, 28.9768
2025-12-07 13:18:43 - media_renamer_app - INFO - Starting GPS API lookup for coordinates 41.00525, 28.97677222222222
2025-12-07 13:18:44 - media_renamer_app - INFO - Successfully retrieved city for 41.00525, 28.97677222222222: Istanbul
2025-12-07 13:18:44 - media_renamer_app - INFO - GPS API lookup successful for 41.00525, 28.97677222222222
2025-12-07 13:18:44 - media_renamer_app - INFO - City resolved for E:/My Babies/Photos/2024/2024.Κωνσταντινούπολη\2024.03.15-18.11.17.jpg: Istanbul
2025-12-07 13:18:44 - media_renamer_app - INFO - Successfully extracted date from image E:/My Babies/Photos/2024/2024.Κωνσταντινούπολη\2024.03.15-18.42.34.jpg: 2024-03-15 18:42:34
2025-12-07 13:18:44 - media_renamer_app - INFO - GPS coordinates found in E:/My Babies/Photos/2024/2024.Κωνσταντινούπολη\2024.03.15-18.42.34.jpg: 41.0267, 28.9826
2025-12-07 13:18:44 - media_renamer_app - INFO - Starting GPS API lookup for coordinates 41.02671111111111, 28.982638888888886
2025-12-07 13:18:45 - media_renamer_app - INFO - Successfully retrieved city for 41.02671111111111, 28.982638888888886: Beyoğlu
2025-12-07 13:18:45 - media_renamer_app - INFO - GPS API lookup successful for 41.02671111111111, 28.982638888888886
2025-12-07 13:18:45 - media_renamer_app - INFO - City resolved for E:/My Babies/Photos/2024/2024.Κωνσταντινούπολη\2024.03.15-18.42.34.jpg: Beyoğlu
2025-12-07 13:18:45 - media_renamer_app - INFO - Successfully extracted date from image E:/My Babies/Photos/2024/2024.Κωνσταντινούπολη\2024.03.15-18.43.28.jpg: 2024-03-15 18:43:28
2025-12-07 13:18:45 - media_renamer_app - INFO - GPS coordinates found in E:/My Babies/Photos/2024/2024.Κωνσταντινούπολη\2024.03.15-18.43.28.jpg: 41.0268, 28.9830
2025-12-07 13:18:45 - media_renamer_app - INFO - City resolved for E:/My Babies/Photos/2024/2024.Κωνσταντινούπολη\2024.03.15-18.43.28.jpg: Beyoğlu
2025-12-07 13:18:45 - media_renamer_app - INFO - Successfully extracted date from image E:/My Babies/Photos/2024/2024.Κωνσταντινούπολη\2024.03.15-19.27.10.jpg: 2024-03-15 19:27:10
2025-12-07 13:18:45 - media_renamer_app - INFO - GPS coordinates found in E:/My Babies/Photos/2024/2024.Κωνσταντινούπολη\2024.03.15-19.27.10.jpg: 41.0276, 28.9862
2025-12-07 13:18:45 - media_renamer_app - INFO - Starting GPS API lookup for coordinates 41.02761388888889, 28.986230555555558
2025-12-07 13:18:46 - media_renamer_app - INFO - Successfully retrieved city for 41.02761388888889, 28.986230555555558: Beyoğlu
2025-12-07 13:18:46 - media_renamer_app - INFO - GPS API lookup successful for 41.02761388888889, 28.986230555555558
2025-12-07 13:18:46 - media_renamer_app - INFO - City resolved for E:/My Babies/Photos/2024/2024.Κωνσταντινούπολη\2024.03.15-19.27.10.jpg: Beyoğlu
2025-12-07 13:18:46 - media_renamer_app - INFO - Successfully extracted date from image E:/My Babies/Photos/2024/2024.Κωνσταντινούπολη\2024.03.15-19.27.27.jpg: 2024-03-15 19:27:27
2025-12-07 13:18:46 - media_renamer_app - INFO - GPS coordinates found in E:/My Babies/Photos/2024/2024.Κωνσταντινούπολη\2024.03.15-19.27.27.jpg: 41.0275, 28.9864
2025-12-07 13:18:46 - media_renamer_app - INFO - City resolved for E:/My Babies/Photos/2024/2024.Κωνσταντινούπολη\2024.03.15-19.27.27.jpg: Beyoğlu
2025-12-07 13:18:46 - media_renamer_app - INFO - Successfully extracted date from image E:/My Babies/Photos/2024/2024.Κωνσταντινούπολη\2024.03.16-12.34.11.jpg: 2024-03-16 12:34:11
2025-12-07 13:18:46 - media_renamer_app - INFO - GPS coordinates found in E:/My Babies/Photos/2024/2024.Κωνσταντινούπολη\2024.03.16-12.34.11.jpg: 40.8796, 29.0989
2025-12-07 13:18:46 - media_renamer_app - INFO - Starting GPS API lookup for coordinates 40.87963055555556, 29.09889722222222
2025-12-07 13:18:47 - media_renamer_app - INFO - Successfully retrieved city for 40.87963055555556, 29.09889722222222: Prince Islands
2025-12-07 13:18:47 - media_renamer_app - INFO - GPS API lookup successful for 40.87963055555556, 29.09889722222222
2025-12-07 13:18:47 - media_renamer_app - INFO - City resolved for E:/My Babies/Photos/2024/2024.Κωνσταντινούπολη\2024.03.16-12.34.11.jpg: Prince Islands
2025-12-07 13:18:47 - media_renamer_app - INFO - Successfully extracted date from image E:/My Babies/Photos/2024/2024.Κωνσταντινούπολη\2024.03.16-13.00.29.jpg: 2024-03-16 13:00:29
2025-12-07 13:18:47 - media_renamer_app - INFO - Successfully extracted date from image E:/My Babies/Photos/2024/2024.Κωνσταντινούπολη\2024.03.16-13.00.40.jpg: 2024-03-16 13:00:40
2025-12-07 13:18:47 - media_renamer_app - INFO - GPS coordinates found in E:/My Babies/Photos/2024/2024.Κωνσταντινούπολη\2024.03.16-13.00.40.jpg: 40.8742, 29.1288
2025-12-07 13:18:47 - media_renamer_app - INFO - Starting GPS API lookup for coordinates 40.87415277777778, 29.128819444444446
2025-12-07 13:18:48 - media_renamer_app - INFO - Successfully retrieved city for 40.87415277777778, 29.128819444444446: Prince Islands
2025-12-07 13:18:48 - media_renamer_app - INFO - GPS API lookup successful for 40.87415277777778, 29.128819444444446
2025-12-07 13:18:48 - media_renamer_app - INFO - City resolved for E:/My Babies/Photos/2024/2024.Κωνσταντινούπολη\2024.03.16-13.00.40.jpg: Prince Islands
2025-12-07 13:18:48 - media_renamer_app - INFO - Successfully extracted date from image E:/My Babies/Photos/2024/2024.Κωνσταντινούπολη\2024.03.16-13.21.09.jpg: 2024-03-16 13:21:09
2025-12-07 13:18:48 - media_renamer_app - INFO - GPS coordinates found in E:/My Babies/Photos/2024/2024.Κωνσταντινούπολη\2024.03.16-13.21.09.jpg: 40.8733, 29.1267
2025-12-07 13:18:48 - media_renamer_app - INFO - Starting GPS API lookup for coordinates 40.873336111111115, 29.126697222222223
2025-12-07 13:18:49 - media_renamer_app - INFO - Successfully retrieved city for 40.873336111111115, 29.126697222222223: Prince Islands
2025-12-07 13:18:49 - media_renamer_app - INFO - GPS API lookup successful for 40.873336111111115, 29.126697222222223
2025-12-07 13:18:49 - media_renamer_app - INFO - City resolved for E:/My Babies/Photos/2024/2024.Κωνσταντινούπολη\2024.03.16-13.21.09.jpg: Prince Islands
2025-12-07 13:18:49 - media_renamer_app - INFO - Successfully extracted date from image E:/My Babies/Photos/2024/2024.Κωνσταντινούπολη\2024.03.16-13.23.06.jpg: 2024-03-16 13:23:06
2025-12-07 13:18:49 - media_renamer_app - INFO - GPS coordinates found in E:/My Babies/Photos/2024/2024.Κωνσταντινούπολη\2024.03.16-13.23.06.jpg: 40.8731, 29.1263
2025-12-07 13:18:49 - media_renamer_app - INFO - City resolved for E:/My Babies/Photos/2024/2024.Κωνσταντινούπολη\2024.03.16-13.23.06.jpg: Prince Islands
2025-12-07 13:18:49 - media_renamer_app - INFO - Successfully extracted date from image E:/My Babies/Photos/2024/2024.Κωνσταντινούπολη\2024.03.16-13.23.08.jpg: 2024-03-16 13:23:08
2025-12-07 13:18:49 - media_renamer_app - INFO - GPS coordinates found in E:/My Babies/Photos/2024/2024.Κωνσταντινούπολη\2024.03.16-13.23.08.jpg: 40.8731, 29.1263
2025-12-07 13:18:49 - media_renamer_app - INFO - City resolved for E:/My Babies/Photos/2024/2024.Κωνσταντινούπολη\2024.03.16-13.23.08.jpg: Prince Islands
2025-12-07 13:18:49 - media_renamer_app - INFO - Successfully extracted date from image E:/My Babies/Photos/2024/2024.Κωνσταντινούπολη\2024.03.16-13.23.10.jpg: 2024-03-16 13:23:10
2025-12-07 13:18:49 - media_renamer_app - INFO - GPS coordinates found in E:/My Babies/Photos/2024/2024.Κωνσταντινούπολη\2024.03.16-13.23.10.jpg: 40.8731, 29.1263
2025-12-07 13:18:49 - media_renamer_app - INFO - City resolved for E:/My Babies/Photos/2024/2024.Κωνσταντινούπολη\2024.03.16-13.23.10.jpg: Prince Islands
2025-12-07 13:18:49 - media_renamer_app - INFO - Successfully extracted date from image E:/My Babies/Photos/2024/2024.Κωνσταντινούπολη\2024.03.16-13.23.33.jpg: 2024-03-16 13:23:33
2025-12-07 13:18:49 - media_renamer_app - INFO - GPS coordinates found in E:/My Babies/Photos/2024/2024.Κωνσταντινούπολη\2024.03.16-13.23.33.jpg: 40.8730, 29.1260
2025-12-07 13:18:49 - media_renamer_app - INFO - City resolved for E:/My Babies/Photos/2024/2024.Κωνσταντινούπολη\2024.03.16-13.23.33.jpg: Prince Islands
2025-12-07 13:18:49 - media_renamer_app - INFO - Successfully extracted date from image E:/My Babies/Photos/2024/2024.Κωνσταντινούπολη\2024.03.16-13.23.37.jpg: 2024-03-16 13:23:37
2025-12-07 13:18:49 - media_renamer_app - INFO - GPS coordinates found in E:/My Babies/Photos/2024/2024.Κωνσταντινούπολη\2024.03.16-13.23.37.jpg: 40.8730, 29.1260
2025-12-07 13:18:49 - media_renamer_app - INFO - City resolved for E:/My Babies/Photos/2024/2024.Κωνσταντινούπολη\2024.03.16-13.23.37.jpg: Prince Islands
2025-12-07 13:18:49 - media_renamer_app - INFO - Successfully extracted date from image E:/My Babies/Photos/2024/2024.Κωνσταντινούπολη\2024.03.16-15.53.30.jpg: 2024-03-16 15:53:30
2025-12-07 13:18:49 - media_renamer_app - INFO - GPS coordinates found in E:/My Babies/Photos/2024/2024.Κωνσταντινούπολη\2024.03.16-15.53.30.jpg: 40.9716, 29.0739
2025-12-07 13:18:49 - media_renamer_app - INFO - Starting GPS API lookup for coordinates 40.97158888888889, 29.073911111111112
2025-12-07 13:18:50 - media_renamer_app - INFO - Successfully retrieved city for 40.97158888888889, 29.073911111111112: Kadıköy
2025-12-07 13:18:50 - media_renamer_app - INFO - GPS API lookup successful for 40.97158888888889, 29.073911111111112
2025-12-07 13:18:50 - media_renamer_app - INFO - City resolved for E:/My Babies/Photos/2024/2024.Κωνσταντινούπολη\2024.03.16-15.53.30.jpg: Kadıköy
2025-12-07 13:18:50 - media_renamer_app - INFO - Successfully extracted date from image E:/My Babies/Photos/2024/2024.Κωνσταντινούπολη\2024.03.17-09.58.44.jpg: 2024-03-17 09:58:44
2025-12-07 13:18:50 - media_renamer_app - INFO - GPS coordinates found in E:/My Babies/Photos/2024/2024.Κωνσταντινούπολη\2024.03.17-09.58.44.jpg: 41.0183, 28.9715
2025-12-07 13:18:50 - media_renamer_app - INFO - City resolved for E:/My Babies/Photos/2024/2024.Κωνσταντινούπολη\2024.03.17-09.58.44.jpg: Istanbul
2025-12-07 13:18:50 - media_renamer_app - INFO - Successfully extracted date from image E:/My Babies/Photos/2024/2024.Κωνσταντινούπολη\2024.03.15-12.55.37.jpg: 2024-05-11 15:57:10
2025-12-07 13:18:50 - media_renamer_app - INFO - Successfully extracted date from image E:/My Babies/Photos/2024/2024.Κωνσταντινούπολη\2024.03.15-12.55.42.jpg: 2024-05-11 15:57:13
2025-12-07 13:18:50 - media_renamer_app - INFO - Successfully extracted date from image E:/My Babies/Photos/2024/2024.Κωνσταντινούπολη\2024.03.15-12.58.20.jpg: 2024-05-11 15:57:13
2025-12-07 13:18:50 - media_renamer_app - INFO - Successfully extracted date from image E:/My Babies/Photos/2024/2024.Κωνσταντινούπολη\2024.03.15-12.58.28.jpg: 2024-05-11 15:57:10
2025-12-07 13:18:50 - media_renamer_app - INFO - Successfully extracted date from image E:/My Babies/Photos/2024/2024.Κωνσταντινούπολη\2024.03.15-12.58.36.jpg: 2024-05-11 15:57:11
2025-12-07 13:18:50 - media_renamer_app - INFO - Successfully extracted date from image E:/My Babies/Photos/2024/2024.Κωνσταντινούπολη\2024.03.15-12.58.54.jpg: 2024-05-11 15:57:12
2025-12-07 13:18:50 - media_renamer_app - INFO - Successfully extracted date from image E:/My Babies/Photos/2024/2024.Κωνσταντινούπολη\2024.03.15-12.59.33.jpg: 2024-05-11 15:57:13
2025-12-07 13:18:50 - media_renamer_app - INFO - Successfully extracted date from image E:/My Babies/Photos/2024/2024.Κωνσταντινούπολη\2024.03.15-13.00.32.jpg: 2024-05-11 15:57:19
2025-12-07 13:18:50 - media_renamer_app - INFO - Successfully extracted date from image E:/My Babies/Photos/2024/2024.Κωνσταντινούπολη\2024.03.15-13.00.37.jpg: 2024-05-11 15:57:16
2025-12-07 13:18:50 - media_renamer_app - INFO - Successfully extracted date from image E:/My Babies/Photos/2024/2024.Κωνσταντινούπολη\2024.03.15-13.01.17.jpg: 2024-05-11 15:57:19
2025-12-07 13:18:50 - media_renamer_app - INFO - Successfully extracted date from image E:/My Babies/Photos/2024/2024.Κωνσταντινούπολη\2024.03.15-13.02.06.jpg: 2024-05-11 15:57:17
2025-12-07 13:18:50 - media_renamer_app - INFO - Successfully extracted date from image E:/My Babies/Photos/2024/2024.Κωνσταντινούπολη\2024.03.15-13.04.38.jpg: 2024-05-11 15:57:21
2025-12-07 13:18:50 - media_renamer_app - INFO - Successfully extracted date from image E:/My Babies/Photos/2024/2024.Κωνσταντινούπολη\2024.03.15-13.05.32.jpg: 2024-05-11 15:57:23
2025-12-07 13:18:50 - media_renamer_app - INFO - Successfully extracted date from image E:/My Babies/Photos/2024/2024.Κωνσταντινούπολη\2024.03.15-13.05.37.jpg: 2024-05-11 15:57:18
2025-12-07 13:18:50 - media_renamer_app - INFO - Successfully extracted date from image E:/My Babies/Photos/2024/2024.Κωνσταντινούπολη\2024.03.15-13.44.31.jpg: 2024-05-11 15:57:29
2025-12-07 13:18:50 - media_renamer_app - INFO - Successfully extracted date from image E:/My Babies/Photos/2024/2024.Κωνσταντινούπολη\2024.03.15-13.44.34.jpg: 2024-05-11 15:57:31
2025-12-07 13:18:50 - media_renamer_app - INFO - Successfully extracted date from image E:/My Babies/Photos/2024/2024.Κωνσταντινούπολη\2024.03.15-14.03.07.jpg: 2024-05-11 15:57:28
2025-12-07 13:18:50 - media_renamer_app - INFO - Successfully extracted date from image E:/My Babies/Photos/2024/2024.Κωνσταντινούπολη\2024.03.15-14.03.11.jpg: 2024-05-11 15:57:23
2025-12-07 13:18:50 - media_renamer_app - INFO - Successfully extracted date from image E:/My Babies/Photos/2024/2024.Κωνσταντινούπολη\2024.03.15-14.03.34.jpg: 2024-05-11 15:57:23
2025-12-07 13:18:50 - media_renamer_app - INFO - Successfully extracted date from image E:/My Babies/Photos/2024/2024.Κωνσταντινούπολη\2024.03.15-14.03.37.jpg: 2024-05-11 15:57:24
2025-12-07 13:18:50 - media_renamer_app - INFO - Successfully extracted date from image E:/My Babies/Photos/2024/2024.Κωνσταντινούπολη\2024.03.15-15.16.39.jpg: 2024-05-11 15:57:24
2025-12-07 13:18:50 - media_renamer_app - INFO - Successfully extracted date from image E:/My Babies/Photos/2024/2024.Κωνσταντινούπολη\2024.03.15-15.16.42.jpg: 2024-05-11 15:57:23
2025-12-07 13:18:50 - media_renamer_app - INFO - Successfully extracted date from image E:/My Babies/Photos/2024/2024.Κωνσταντινούπολη\2024.03.15-15.24.55.jpg: 2024-05-11 15:57:28
2025-12-07 13:18:50 - media_renamer_app - INFO - Successfully extracted date from image E:/My Babies/Photos/2024/2024.Κωνσταντινούπολη\2024.03.15-15.27.50.jpg: 2024-05-11 15:57:29
2025-12-07 13:18:50 - media_renamer_app - INFO - Successfully extracted date from image E:/My Babies/Photos/2024/2024.Κωνσταντινούπολη\2024.03.15-15.27.52.jpg: 2024-05-11 15:57:35
2025-12-07 13:18:50 - media_renamer_app - INFO - Successfully extracted date from image E:/My Babies/Photos/2024/2024.Κωνσταντινούπολη\2024.03.15-16.16.25.jpg: 2024-05-11 15:57:33
2025-12-07 13:18:50 - media_renamer_app - INFO - Successfully extracted date from image E:/My Babies/Photos/2024/2024.Κωνσταντινούπολη\2024.03.15-16.38.07.jpg: 2024-05-11 15:57:33
2025-12-07 13:18:50 - media_renamer_app - INFO - Successfully extracted date from image E:/My Babies/Photos/2024/2024.Κωνσταντινούπολη\2024.03.15-16.38.18.jpg: 2024-05-11 15:57:31
2025-12-07 13:18:50 - media_renamer_app - INFO - Successfully extracted date from image E:/My Babies/Photos/2024/2024.Κωνσταντινούπολη\2024.03.15-16.53.18.jpg: 2024-05-11 15:57:36
2025-12-07 13:18:50 - media_renamer_app - INFO - Successfully extracted date from image E:/My Babies/Photos/2024/2024.Κωνσταντινούπολη\2024.03.15-16.53.30.jpg: 2024-05-11 15:57:40
2025-12-07 13:18:50 - media_renamer_app - INFO - Successfully extracted date from image E:/My Babies/Photos/2024/2024.Κωνσταντινούπολη\2024.03.15-16.54.39.jpg: 2024-05-11 15:57:35
2025-12-07 13:18:50 - media_renamer_app - INFO - Successfully extracted date from image E:/My Babies/Photos/2024/2024.Κωνσταντινούπολη\2024.03.15-17.09.49.jpg: 2024-05-11 15:57:40
2025-12-07 13:18:50 - media_renamer_app - INFO - Successfully extracted date from image E:/My Babies/Photos/2024/2024.Κωνσταντινούπολη\2024.03.15-17.09.55.jpg: 2024-05-11 15:57:41
2025-12-07 13:18:50 - media_renamer_app - INFO - Successfully extracted date from image E:/My Babies/Photos/2024/2024.Κωνσταντινούπολη\2024.03.15-17.14.46.jpg: 2024-05-11 15:57:48
2025-12-07 13:18:50 - media_renamer_app - INFO - Successfully extracted date from image E:/My Babies/Photos/2024/2024.Κωνσταντινούπολη\2024.03.15-17.14.49.jpg: 2024-05-11 15:57:40
2025-12-07 13:18:50 - media_renamer_app - INFO - Successfully extracted date from image E:/My Babies/Photos/2024/2024.Κωνσταντινούπολη\2024.03.15-17.14.51.jpg: 2024-05-11 15:57:44
2025-12-07 13:18:50 - media_renamer_app - INFO - Successfully extracted date from image E:/My Babies/Photos/2024/2024.Κωνσταντινούπολη\2024.03.15-17.14.52.jpg: 2024-05-11 15:57:47
2025-12-07 13:18:50 - media_renamer_app - INFO - Successfully extracted date from image E:/My Babies/Photos/2024/2024.Κωνσταντινούπολη\2024.03.15-17.16.02.jpg: 2024-05-11 15:57:44
2025-12-07 13:18:50 - media_renamer_app - INFO - Successfully extracted date from image E:/My Babies/Photos/2024/2024.Κωνσταντινούπολη\2024.03.15-17.31.38.jpg: 2024-05-11 15:57:47
2025-12-07 13:18:50 - media_renamer_app - INFO - Successfully extracted date from image E:/My Babies/Photos/2024/2024.Κωνσταντινούπολη\2024.03.15-17.47.54.jpg: 2024-05-11 15:57:43
2025-12-07 13:18:50 - media_renamer_app - INFO - Successfully extracted date from image E:/My Babies/Photos/2024/2024.Κωνσταντινούπολη\2024.03.15-17.54.10.jpg: 2024-05-11 15:57:51
2025-12-07 13:18:51 - media_renamer_app - INFO - Successfully extracted date from image E:/My Babies/Photos/2024/2024.Κωνσταντινούπολη\2024.03.15-17.54.13.jpg: 2024-05-11 15:57:52
2025-12-07 13:18:51 - media_renamer_app - INFO - Successfully extracted date from image E:/My Babies/Photos/2024/2024.Κωνσταντινούπολη\2024.03.15-17.54.14.jpg: 2024-05-11 15:57:53
2025-12-07 13:18:51 - media_renamer_app - INFO - Successfully extracted date from image E:/My Babies/Photos/2024/2024.Κωνσταντινούπολη\2024.03.15-17.54.17.jpg: 2024-05-11 15:57:52
2025-12-07 13:18:51 - media_renamer_app - INFO - Successfully extracted date from image E:/My Babies/Photos/2024/2024.Κωνσταντινούπολη\2024.03.15-17.54.34.jpg: 2024-05-11 15:57:48
2025-12-07 13:18:51 - media_renamer_app - INFO - Successfully extracted date from image E:/My Babies/Photos/2024/2024.Κωνσταντινούπολη\2024.03.15-17.55.25.jpg: 2024-05-11 15:57:55
2025-12-07 13:18:51 - media_renamer_app - INFO - Successfully extracted date from image E:/My Babies/Photos/2024/2024.Κωνσταντινούπολη\2024.03.15-18.11.57.jpg: 2024-05-11 15:57:52
2025-12-07 13:18:51 - media_renamer_app - INFO - Successfully extracted date from image E:/My Babies/Photos/2024/2024.Κωνσταντινούπολη\2024.03.15-18.12.01.jpg: 2024-05-11 15:57:50
2025-12-07 13:18:51 - media_renamer_app - INFO - Successfully extracted date from image E:/My Babies/Photos/2024/2024.Κωνσταντινούπολη\2024.03.15-18.12.29.jpg: 2024-05-11 15:57:56
2025-12-07 13:18:51 - media_renamer_app - INFO - Successfully extracted date from image E:/My Babies/Photos/2024/2024.Κωνσταντινούπολη\2024.03.15-18.14.08.jpg: 2024-05-11 15:57:53
2025-12-07 13:18:51 - media_renamer_app - INFO - Successfully extracted date from image E:/My Babies/Photos/2024/2024.Κωνσταντινούπολη\2024.03.15-18.15.48.jpg: 2024-05-11 15:57:53
2025-12-07 13:18:51 - media_renamer_app - INFO - Successfully extracted date from image E:/My Babies/Photos/2024/2024.Κωνσταντινούπολη\2024.03.15-18.35.50.jpg: 2024-05-11 15:57:58
2025-12-07 13:18:51 - media_renamer_app - INFO - Successfully extracted date from image E:/My Babies/Photos/2024/2024.Κωνσταντινούπολη\2024.03.15-18.35.53.jpg: 2024-05-11 15:57:55
2025-12-07 13:18:51 - media_renamer_app - INFO - Successfully extracted date from image E:/My Babies/Photos/2024/2024.Κωνσταντινούπολη\2024.03.15-18.39.43.jpg: 2024-05-11 15:57:59
2025-12-07 13:18:51 - media_renamer_app - INFO - Successfully extracted date from image E:/My Babies/Photos/2024/2024.Κωνσταντινούπολη\2024.03.17-09.03.39.jpg: 2024-05-11 15:57:56
2025-12-07 13:18:51 - media_renamer_app - INFO - Successfully extracted date from image E:/My Babies/Photos/2024/2024.Κωνσταντινούπολη\2024.03.17-09.04.20.jpg: 2024-05-11 15:57:56
2025-12-07 13:18:51 - media_renamer_app - INFO - Successfully extracted date from image E:/My Babies/Photos/2024/2024.Κωνσταντινούπολη\2024.03.17-09.04.29.jpg: 2024-05-11 15:57:57
2025-12-07 13:18:51 - media_renamer_app - INFO - Successfully extracted date from image E:/My Babies/Photos/2024/2024.Κωνσταντινούπολη\2024.03.17-09.04.41.jpg: 2024-05-11 15:57:59
2025-12-07 13:18:51 - media_renamer_app - INFO - Successfully extracted date from image E:/My Babies/Photos/2024/2024.Κωνσταντινούπολη\2024.03.17-09.04.43.jpg: 2024-05-11 15:58:02
2025-12-07 13:18:51 - media_renamer_app - INFO - Successfully extracted date from image E:/My Babies/Photos/2024/2024.Κωνσταντινούπολη\2024.03.17-09.10.51.jpg: 2024-05-11 15:58:02
2025-12-07 13:18:51 - media_renamer_app - INFO - Successfully extracted date from image E:/My Babies/Photos/2024/2024.Κωνσταντινούπολη\2024.03.17-09.10.53.jpg: 2024-05-11 15:58:00
2025-12-07 13:18:51 - media_renamer_app - INFO - Successfully extracted date from image E:/My Babies/Photos/2024/2024.Κωνσταντινούπολη\2024.03.17-09.11.00.jpg: 2024-05-11 15:58:00
2025-12-07 13:18:51 - media_renamer_app - INFO - Successfully extracted date from image E:/My Babies/Photos/2024/2024.Κωνσταντινούπολη\2024.03.17-09.16.22.jpg: 2024-05-11 15:58:00
2025-12-07 13:18:51 - media_renamer_app - INFO - Successfully extracted date from image E:/My Babies/Photos/2024/2024.Κωνσταντινούπολη\2024.03.17-09.25.18.jpg: 2024-05-11 15:58:04
2025-12-07 13:18:51 - media_renamer_app - INFO - Successfully extracted date from image E:/My Babies/Photos/2024/2024.Κωνσταντινούπολη\2024.03.17-09.26.02.jpg: 2024-05-11 15:58:04
2025-12-07 13:18:51 - media_renamer_app - INFO - Successfully extracted date from image E:/My Babies/Photos/2024/2024.Κωνσταντινούπολη\2024.03.17-09.26.04.jpg: 2024-05-11 15:58:05
2025-12-07 13:18:51 - media_renamer_app - INFO - Successfully extracted date from image E:/My Babies/Photos/2024/2024.Κωνσταντινούπολη\2024.03.17-09.29.04.jpg: 2024-05-11 15:58:10
2025-12-07 13:18:51 - media_renamer_app - INFO - Successfully extracted date from image E:/My Babies/Photos/2024/2024.Κωνσταντινούπολη\2024.03.17-09.29.36.jpg: 2024-05-11 15:58:08
2025-12-07 13:18:51 - media_renamer_app - INFO - Successfully extracted date from image E:/My Babies/Photos/2024/2024.Κωνσταντινούπολη\2024.03.17-09.30.18.jpg: 2024-05-11 15:58:06
2025-12-07 13:18:51 - media_renamer_app - INFO - Successfully extracted date from image E:/My Babies/Photos/2024/2024.Κωνσταντινούπολη\2024.03.17-09.30.27.jpg: 2024-05-11 15:58:06
2025-12-07 13:18:51 - media_renamer_app - INFO - Successfully extracted date from image E:/My Babies/Photos/2024/2024.Κωνσταντινούπολη\2024.03.17-09.30.34.jpg: 2024-05-11 15:58:08
2025-12-07 13:18:51 - media_renamer_app - INFO - Successfully extracted date from image E:/My Babies/Photos/2024/2024.Κωνσταντινούπολη\2024.03.17-09.51.16.jpg: 2024-05-11 15:58:11
2025-12-07 13:18:51 - media_renamer_app - INFO - Successfully extracted date from image E:/My Babies/Photos/2024/2024.Κωνσταντινούπολη\2024.03.17-09.51.17.jpg: 2024-05-11 15:58:12
2025-12-07 13:18:51 - media_renamer_app - INFO - Successfully extracted date from image E:/My Babies/Photos/2024/2024.Κωνσταντινούπολη\2024.03.17-09.51.20.jpg: 2024-05-11 15:58:12
2025-12-07 13:18:51 - media_renamer_app - INFO - Successfully extracted date from image E:/My Babies/Photos/2024/2024.Κωνσταντινούπολη\2024.03.17-09.51.40.jpg: 2024-05-11 15:58:12
2025-12-07 13:18:51 - media_renamer_app - INFO - Successfully extracted date from image E:/My Babies/Photos/2024/2024.Κωνσταντινούπολη\2024.03.17-09.52.07.jpg: 2024-05-11 15:58:12
2025-12-07 13:18:51 - media_renamer_app - INFO - Successfully extracted date from image E:/My Babies/Photos/2024/2024.Κωνσταντινούπολη\2024.03.17-09.53.22.jpg: 2024-05-11 15:58:17
2025-12-07 13:18:51 - media_renamer_app - INFO - Successfully extracted date from image E:/My Babies/Photos/2024/2024.Κωνσταντινούπολη\2024.03.17-11.09.00.jpg: 2024-05-11 15:58:15
2025-12-07 13:18:51 - media_renamer_app - INFO - Successfully extracted date from image E:/My Babies/Photos/2024/2024.Κωνσταντινούπολη\2024.03.17-11.18.39.jpg: 2024-05-11 15:58:13
2025-12-07 13:18:51 - media_renamer_app - INFO - Successfully extracted date from image E:/My Babies/Photos/2024/2024.Κωνσταντινούπολη\2024.03.17-11.22.50.jpg: 2024-05-11 15:58:12
2025-12-07 13:18:51 - media_renamer_app - INFO - Successfully extracted date from image E:/My Babies/Photos/2024/2024.Κωνσταντινούπολη\2024.03.17-11.31.21.jpg: 2024-05-11 15:58:15
2025-12-07 13:18:51 - media_renamer_app - INFO - Successfully extracted date from image E:/My Babies/Photos/2024/2024.Κωνσταντινούπολη\2024.03.17-17.13.52.jpg: 2024-05-11 15:58:18
2025-12-07 13:18:51 - media_renamer_app - INFO - Successfully extracted date from image E:/My Babies/Photos/2024/2024.Κωνσταντινούπολη\2024.03.17-17.19.37.jpg: 2024-05-11 15:58:17
2025-12-07 13:18:51 - media_renamer_app - INFO - Successfully extracted date from image E:/My Babies/Photos/2024/2024.Κωνσταντινούπολη\2024.03.17-17.24.13.jpg: 2024-05-11 15:58:17
2025-12-07 13:18:51 - media_renamer_app - INFO - Successfully extracted date from image E:/My Babies/Photos/2024/2024.Κωνσταντινούπολη\2024.03.15-12.43.11.jpg: 2024-05-11 15:57:17
2025-12-07 13:18:51 - media_renamer_app - INFO - Successfully extracted date from image E:/My Babies/Photos/2024/2024.Κωνσταντινούπολη\2024.03.15-12.45.57.jpg: 2024-05-11 15:57:16
2025-12-07 13:18:51 - media_renamer_app - INFO - Successfully extracted date from image E:/My Babies/Photos/2024/2024.Κωνσταντινούπολη\2024.03.15-12.47.06.jpg: 2024-05-11 15:57:14
2025-12-07 13:18:51 - media_renamer_app - WARNING - ffprobe not found in system PATH
2025-12-07 13:18:51 - media_renamer_app - WARNING - ffprobe unavailable, skipping video metadata for: E:/My Babies/Photos/2024/2024.Κωνσταντινούπολη\2024.03.15-10.19.46.mp4
2025-12-07 13:18:51 - media_renamer_app - INFO - Successfully extracted date from image E:/My Babies/Photos/2024/2024.Κωνσταντινούπολη\2024.03.17-11.18.45.001.jpg: 2024-08-25 14:37:38
2025-12-07 13:18:51 - media_renamer_app - INFO - File discovery completed: 194 files processed, 1 without metadata
2025-12-07 13:19:34 - media_renamer_app - INFO - User initiated file discovery for folder: D:\Photos\Nef\Istanbul1
2025-12-07 13:19:34 - media_renamer_app - INFO - Starting file discovery and metadata extraction
2025-12-07 13:19:34 - media_renamer_app - INFO - Starting file discovery in folder: D:\Photos\Nef\Istanbul1
2025-12-07 13:19:34 - media_renamer_app - INFO - Found 82 total files in D:\Photos\Nef\Istanbul1
2025-12-07 13:19:34 - media_renamer_app - INFO - Discovered 0 supported media files
2025-12-07 13:19:34 - media_renamer_app - INFO - Discovered 0 files in D:\Photos\Nef\Istanbul1
2025-12-07 13:19:34 - media_renamer_app - INFO - File discovery completed: 0 files processed, 0 without metadata
2025-12-07 13:19:43 - media_renamer_app - INFO - User initiated file discovery for folder: D:\Photos\Nef\Istanbul1
2025-12-07 13:19:43 - media_renamer_app - INFO - Starting file discovery and metadata extraction
2025-12-07 13:19:43 - media_renamer_app - INFO - Starting file discovery in folder: D:\Photos\Nef\Istanbul1
2025-12-07 13:19:43 - media_renamer_app - INFO - Found 82 total files in D:\Photos\Nef\Istanbul1
2025-12-07 13:19:43 - media_renamer_app - INFO - Discovered 0 supported media files
2025-12-07 13:19:43 - media_renamer_app - INFO - Discovered 0 files in D:\Photos\Nef\Istanbul1
2025-12-07 13:19:43 - media_renamer_app - INFO - File discovery completed: 0 files processed, 0 without metadata
2025-12-07 13:19:55 - media_renamer_app - INFO - User initiated application shutdown
2025-12-07 13:19:55 - media_renamer_app - INFO - Settings saved on application close
2025-12-07 13:19:55 - media_renamer_app - INFO - City cache saved successfully: 80 entries
2025-12-07 13:19:55 - media_renamer_app - INFO - Application shutdown completed
2025-12-07 13:19:55 - media_renamer_app - INFO - Application completed successfully
2025-12-07 13:19:55 - media_renamer_app - INFO - Application shutting down...
2025-12-07 13:19:55 - media_renamer_app - INFO - City cache saved successfully
2025-12-07 13:19:55 - media_renamer_app - INFO - Application shutdown complete
