2025-12-07 13:32:52 - === File Processing Session Started ===
2025-12-07 13:33:18 - SESSION_START: {'total_files': 82, 'folder_path': 'D:\\Photos\\Nef\\Istanbul1'}
2025-12-07 13:33:18 - PROGRESS: {'current': 1, 'total': 82, 'filename': 'DSC_0125.NEF'}
2025-12-07 13:33:18 - RENAMED: 'DSC_0125.NEF' -> ' 2024.03.14-11.56.10.001..NEF'
2025-12-07 13:33:18 - PROGRESS: {'current': 2, 'total': 82, 'filename': 'DSC_0127.NEF'}
2025-12-07 13:33:18 - RENAMED: 'DSC_0127.NEF' -> ' 2024.03.14-12.57.20.002..NEF'
2025-12-07 13:33:18 - PROGRESS: {'current': 3, 'total': 82, 'filename': 'DSC_0130.NEF'}
2025-12-07 13:33:18 - RENAMED: 'DSC_0130.NEF' -> ' 2024.03.14-13.34.25.003..NEF'
2025-12-07 13:33:18 - PROGRESS: {'current': 4, 'total': 82, 'filename': 'DSC_0131.NEF'}
2025-12-07 13:33:18 - RENAMED: 'DSC_0131.NEF' -> ' 2024.03.14-14.31.10.004..NEF'
2025-12-07 13:33:18 - PROGRESS: {'current': 5, 'total': 82, 'filename': 'DSC_0133.NEF'}
2025-12-07 13:33:18 - RENAMED: 'DSC_0133.NEF' -> ' 2024.03.14-14.33.33.005..NEF'
2025-12-07 13:33:18 - PROGRESS: {'current': 6, 'total': 82, 'filename': 'DSC_0134.NEF'}
2025-12-07 13:33:18 - RENAMED: 'DSC_0134.NEF' -> ' 2024.03.14-14.37.09.006..NEF'
2025-12-07 13:33:18 - PROGRESS: {'current': 7, 'total': 82, 'filename': 'DSC_0135.NEF'}
2025-12-07 13:33:18 - RENAMED: 'DSC_0135.NEF' -> ' 2024.03.14-14.38.14.007..NEF'
2025-12-07 13:33:18 - PROGRESS: {'current': 8, 'total': 82, 'filename': 'DSC_0137.NEF'}
2025-12-07 13:33:18 - RENAMED: 'DSC_0137.NEF' -> ' 2024.03.14-14.38.29.008..NEF'
2025-12-07 13:33:18 - PROGRESS: {'current': 9, 'total': 82, 'filename': 'DSC_0139.NEF'}
2025-12-07 13:33:18 - RENAMED: 'DSC_0139.NEF' -> ' 2024.03.14-15.32.43.009..NEF'
2025-12-07 13:33:18 - PROGRESS: {'current': 10, 'total': 82, 'filename': 'DSC_0140.NEF'}
2025-12-07 13:33:18 - RENAMED: 'DSC_0140.NEF' -> ' 2024.03.14-15.32.45.010..NEF'
2025-12-07 13:33:18 - PROGRESS: {'current': 11, 'total': 82, 'filename': 'DSC_0142.NEF'}
2025-12-07 13:33:18 - RENAMED: 'DSC_0142.NEF' -> ' 2024.03.14-15.44.34.011..NEF'
2025-12-07 13:33:18 - PROGRESS: {'current': 12, 'total': 82, 'filename': 'DSC_0144.NEF'}
2025-12-07 13:33:18 - RENAMED: 'DSC_0144.NEF' -> ' 2024.03.14-15.49.03.012..NEF'
2025-12-07 13:33:18 - PROGRESS: {'current': 13, 'total': 82, 'filename': 'DSC_0147.NEF'}
2025-12-07 13:33:18 - RENAMED: 'DSC_0147.NEF' -> ' 2024.03.15-09.07.30.013..NEF'
2025-12-07 13:33:18 - PROGRESS: {'current': 14, 'total': 82, 'filename': 'DSC_0148.NEF'}
2025-12-07 13:33:18 - RENAMED: 'DSC_0148.NEF' -> ' 2024.03.15-09.07.50.014..NEF'
2025-12-07 13:33:18 - PROGRESS: {'current': 15, 'total': 82, 'filename': 'DSC_0149.NEF'}
2025-12-07 13:33:18 - RENAMED: 'DSC_0149.NEF' -> ' 2024.03.15-09.09.34.015..NEF'
2025-12-07 13:33:18 - PROGRESS: {'current': 16, 'total': 82, 'filename': 'DSC_0150.NEF'}
2025-12-07 13:33:18 - RENAMED: 'DSC_0150.NEF' -> ' 2024.03.15-09.09.44.016..NEF'
2025-12-07 13:33:18 - PROGRESS: {'current': 17, 'total': 82, 'filename': 'DSC_0151.NEF'}
2025-12-07 13:33:18 - RENAMED: 'DSC_0151.NEF' -> ' 2024.03.15-09.09.52.017..NEF'
2025-12-07 13:33:18 - PROGRESS: {'current': 18, 'total': 82, 'filename': 'DSC_0152.NEF'}
2025-12-07 13:33:18 - RENAMED: 'DSC_0152.NEF' -> ' 2024.03.15-09.32.46.018..NEF'
2025-12-07 13:33:18 - PROGRESS: {'current': 19, 'total': 82, 'filename': 'DSC_0154.NEF'}
2025-12-07 13:33:18 - RENAMED: 'DSC_0154.NEF' -> ' 2024.03.15-09.37.19.019..NEF'
2025-12-07 13:33:18 - PROGRESS: {'current': 20, 'total': 82, 'filename': 'DSC_0155.NEF'}
2025-12-07 13:33:18 - RENAMED: 'DSC_0155.NEF' -> ' 2024.03.15-09.37.36.020..NEF'
2025-12-07 13:33:18 - PROGRESS: {'current': 21, 'total': 82, 'filename': 'DSC_0157.NEF'}
2025-12-07 13:33:18 - RENAMED: 'DSC_0157.NEF' -> ' 2024.03.15-09.46.45.021..NEF'
2025-12-07 13:33:18 - PROGRESS: {'current': 22, 'total': 82, 'filename': 'DSC_0158.NEF'}
2025-12-07 13:33:18 - RENAMED: 'DSC_0158.NEF' -> ' 2024.03.15-09.47.45.022..NEF'
2025-12-07 13:33:18 - PROGRESS: {'current': 23, 'total': 82, 'filename': 'DSC_0159.NEF'}
2025-12-07 13:33:18 - RENAMED: 'DSC_0159.NEF' -> ' 2024.03.15-09.47.51.023..NEF'
2025-12-07 13:33:18 - PROGRESS: {'current': 24, 'total': 82, 'filename': 'DSC_0160.NEF'}
2025-12-07 13:33:18 - RENAMED: 'DSC_0160.NEF' -> ' 2024.03.15-09.52.04.024..NEF'
2025-12-07 13:33:18 - PROGRESS: {'current': 25, 'total': 82, 'filename': 'DSC_0162.NEF'}
2025-12-07 13:33:18 - RENAMED: 'DSC_0162.NEF' -> ' 2024.03.15-10.14.10.025..NEF'
2025-12-07 13:33:18 - PROGRESS: {'current': 26, 'total': 82, 'filename': 'DSC_0163.NEF'}
2025-12-07 13:33:18 - RENAMED: 'DSC_0163.NEF' -> ' 2024.03.15-10.14.13.026..NEF'
2025-12-07 13:33:18 - PROGRESS: {'current': 27, 'total': 82, 'filename': 'DSC_0164.NEF'}
2025-12-07 13:33:18 - RENAMED: 'DSC_0164.NEF' -> ' 2024.03.15-10.15.43.027..NEF'
2025-12-07 13:33:18 - PROGRESS: {'current': 28, 'total': 82, 'filename': 'DSC_0165.NEF'}
2025-12-07 13:33:18 - RENAMED: 'DSC_0165.NEF' -> ' 2024.03.15-10.16.13.028..NEF'
2025-12-07 13:33:18 - PROGRESS: {'current': 29, 'total': 82, 'filename': 'DSC_0166.NEF'}
2025-12-07 13:33:18 - RENAMED: 'DSC_0166.NEF' -> ' 2024.03.15-10.16.41.029..NEF'
2025-12-07 13:33:18 - PROGRESS: {'current': 30, 'total': 82, 'filename': 'DSC_0167.NEF'}
2025-12-07 13:33:18 - RENAMED: 'DSC_0167.NEF' -> ' 2024.03.15-10.16.44.030..NEF'
2025-12-07 13:33:18 - PROGRESS: {'current': 31, 'total': 82, 'filename': 'DSC_0168.NEF'}
2025-12-07 13:33:18 - RENAMED: 'DSC_0168.NEF' -> ' 2024.03.15-10.17.08.031..NEF'
2025-12-07 13:33:18 - PROGRESS: {'current': 32, 'total': 82, 'filename': 'DSC_0169.NEF'}
2025-12-07 13:33:18 - RENAMED: 'DSC_0169.NEF' -> ' 2024.03.15-10.17.10.032..NEF'
2025-12-07 13:33:18 - PROGRESS: {'current': 33, 'total': 82, 'filename': 'DSC_0170.NEF'}
2025-12-07 13:33:18 - RENAMED: 'DSC_0170.NEF' -> ' 2024.03.15-10.17.13.033..NEF'
2025-12-07 13:33:18 - PROGRESS: {'current': 34, 'total': 82, 'filename': 'DSC_0171.NEF'}
2025-12-07 13:33:18 - RENAMED: 'DSC_0171.NEF' -> ' 2024.03.15-10.17.17.034..NEF'
2025-12-07 13:33:18 - PROGRESS: {'current': 35, 'total': 82, 'filename': 'DSC_0172.NEF'}
2025-12-07 13:33:18 - RENAMED: 'DSC_0172.NEF' -> ' 2024.03.15-10.17.18.035..NEF'
2025-12-07 13:33:18 - PROGRESS: {'current': 36, 'total': 82, 'filename': 'DSC_0173.NEF'}
2025-12-07 13:33:18 - RENAMED: 'DSC_0173.NEF' -> ' 2024.03.15-10.17.21.036..NEF'
2025-12-07 13:33:18 - PROGRESS: {'current': 37, 'total': 82, 'filename': 'DSC_0174.NEF'}
2025-12-07 13:33:18 - RENAMED: 'DSC_0174.NEF' -> ' 2024.03.15-10.17.39.037..NEF'
2025-12-07 13:33:18 - PROGRESS: {'current': 38, 'total': 82, 'filename': 'DSC_0175.NEF'}
2025-12-07 13:33:18 - RENAMED: 'DSC_0175.NEF' -> ' 2024.03.15-10.18.17.038..NEF'
2025-12-07 13:33:18 - PROGRESS: {'current': 39, 'total': 82, 'filename': 'DSC_0176.NEF'}
2025-12-07 13:33:18 - RENAMED: 'DSC_0176.NEF' -> ' 2024.03.15-10.18.31.039..NEF'
2025-12-07 13:33:18 - PROGRESS: {'current': 40, 'total': 82, 'filename': 'DSC_0177.NEF'}
2025-12-07 13:33:18 - RENAMED: 'DSC_0177.NEF' -> ' 2024.03.15-10.19.45.040..NEF'
2025-12-07 13:33:18 - PROGRESS: {'current': 41, 'total': 82, 'filename': 'DSC_0178.NEF'}
2025-12-07 13:33:18 - RENAMED: 'DSC_0178.NEF' -> ' 2024.03.15-10.19.50.041..NEF'
2025-12-07 13:33:18 - PROGRESS: {'current': 42, 'total': 82, 'filename': 'DSC_0179.NEF'}
2025-12-07 13:33:18 - RENAMED: 'DSC_0179.NEF' -> ' 2024.03.15-10.20.24.042..NEF'
2025-12-07 13:33:18 - PROGRESS: {'current': 43, 'total': 82, 'filename': 'DSC_0180.NEF'}
2025-12-07 13:33:18 - RENAMED: 'DSC_0180.NEF' -> ' 2024.03.15-10.29.08.043..NEF'
2025-12-07 13:33:18 - PROGRESS: {'current': 44, 'total': 82, 'filename': 'DSC_0181.NEF'}
2025-12-07 13:33:18 - RENAMED: 'DSC_0181.NEF' -> ' 2024.03.15-10.30.09.044..NEF'
2025-12-07 13:33:18 - PROGRESS: {'current': 45, 'total': 82, 'filename': 'DSC_0182.NEF'}
2025-12-07 13:33:18 - RENAMED: 'DSC_0182.NEF' -> ' 2024.03.15-10.30.15.045..NEF'
2025-12-07 13:33:18 - PROGRESS: {'current': 46, 'total': 82, 'filename': 'DSC_0183.NEF'}
2025-12-07 13:33:18 - RENAMED: 'DSC_0183.NEF' -> ' 2024.03.15-10.30.18.046..NEF'
2025-12-07 13:33:18 - PROGRESS: {'current': 47, 'total': 82, 'filename': 'DSC_0184.NEF'}
2025-12-07 13:33:18 - RENAMED: 'DSC_0184.NEF' -> ' 2024.03.15-10.31.16.047..NEF'
2025-12-07 13:33:18 - PROGRESS: {'current': 48, 'total': 82, 'filename': 'DSC_0185.NEF'}
2025-12-07 13:33:18 - RENAMED: 'DSC_0185.NEF' -> ' 2024.03.15-10.31.32.048..NEF'
2025-12-07 13:33:18 - PROGRESS: {'current': 49, 'total': 82, 'filename': 'DSC_0186.NEF'}
2025-12-07 13:33:18 - RENAMED: 'DSC_0186.NEF' -> ' 2024.03.15-10.33.40.049..NEF'
2025-12-07 13:33:18 - PROGRESS: {'current': 50, 'total': 82, 'filename': 'DSC_0187.NEF'}
2025-12-07 13:33:18 - RENAMED: 'DSC_0187.NEF' -> ' 2024.03.15-10.33.48.050..NEF'
2025-12-07 13:33:18 - PROGRESS: {'current': 51, 'total': 82, 'filename': 'DSC_0188.NEF'}
2025-12-07 13:33:18 - RENAMED: 'DSC_0188.NEF' -> ' 2024.03.15-10.33.58.051..NEF'
2025-12-07 13:33:18 - PROGRESS: {'current': 52, 'total': 82, 'filename': 'DSC_0189.NEF'}
2025-12-07 13:33:18 - RENAMED: 'DSC_0189.NEF' -> ' 2024.03.15-10.34.13.052..NEF'
2025-12-07 13:33:18 - PROGRESS: {'current': 53, 'total': 82, 'filename': 'DSC_0190.NEF'}
2025-12-07 13:33:18 - RENAMED: 'DSC_0190.NEF' -> ' 2024.03.15-10.34.24.053..NEF'
2025-12-07 13:33:18 - PROGRESS: {'current': 54, 'total': 82, 'filename': 'DSC_0191.NEF'}
2025-12-07 13:33:18 - RENAMED: 'DSC_0191.NEF' -> ' 2024.03.15-10.42.23.054..NEF'
2025-12-07 13:33:18 - PROGRESS: {'current': 55, 'total': 82, 'filename': 'DSC_0192.NEF'}
2025-12-07 13:33:18 - RENAMED: 'DSC_0192.NEF' -> ' 2024.03.15-10.42.26.055..NEF'
2025-12-07 13:33:18 - PROGRESS: {'current': 56, 'total': 82, 'filename': 'DSC_0193.NEF'}
2025-12-07 13:33:18 - RENAMED: 'DSC_0193.NEF' -> ' 2024.03.15-10.42.28.056..NEF'
2025-12-07 13:33:18 - PROGRESS: {'current': 57, 'total': 82, 'filename': 'DSC_0196.NEF'}
2025-12-07 13:33:18 - RENAMED: 'DSC_0196.NEF' -> ' 2024.03.15-10.44.00.057..NEF'
2025-12-07 13:33:18 - PROGRESS: {'current': 58, 'total': 82, 'filename': 'DSC_0197.NEF'}
2025-12-07 13:33:18 - RENAMED: 'DSC_0197.NEF' -> ' 2024.03.15-10.44.28.058..NEF'
2025-12-07 13:33:18 - PROGRESS: {'current': 59, 'total': 82, 'filename': 'DSC_0202.NEF'}
2025-12-07 13:33:18 - RENAMED: 'DSC_0202.NEF' -> ' 2024.03.15-10.46.26.059..NEF'
2025-12-07 13:33:18 - PROGRESS: {'current': 60, 'total': 82, 'filename': 'DSC_0205.NEF'}
2025-12-07 13:33:18 - RENAMED: 'DSC_0205.NEF' -> ' 2024.03.15-10.50.23.060..NEF'
2025-12-07 13:33:18 - PROGRESS: {'current': 61, 'total': 82, 'filename': 'DSC_0207.NEF'}
2025-12-07 13:33:18 - RENAMED: 'DSC_0207.NEF' -> ' 2024.03.15-10.55.12.061..NEF'
2025-12-07 13:33:18 - PROGRESS: {'current': 62, 'total': 82, 'filename': 'DSC_0208.NEF'}
2025-12-07 13:33:18 - RENAMED: 'DSC_0208.NEF' -> ' 2024.03.15-10.55.18.062..NEF'
2025-12-07 13:33:18 - PROGRESS: {'current': 63, 'total': 82, 'filename': 'DSC_0210.NEF'}
2025-12-07 13:33:18 - RENAMED: 'DSC_0210.NEF' -> ' 2024.03.15-10.58.02.063..NEF'
2025-12-07 13:33:18 - PROGRESS: {'current': 64, 'total': 82, 'filename': 'DSC_0211.NEF'}
2025-12-07 13:33:18 - RENAMED: 'DSC_0211.NEF' -> ' 2024.03.15-11.03.19.064..NEF'
2025-12-07 13:33:18 - PROGRESS: {'current': 65, 'total': 82, 'filename': 'DSC_0212.NEF'}
2025-12-07 13:33:18 - RENAMED: 'DSC_0212.NEF' -> ' 2024.03.15-11.03.20.065..NEF'
2025-12-07 13:33:18 - PROGRESS: {'current': 66, 'total': 82, 'filename': 'DSC_0213.NEF'}
2025-12-07 13:33:18 - RENAMED: 'DSC_0213.NEF' -> ' 2024.03.15-11.03.21.066..NEF'
2025-12-07 13:33:18 - PROGRESS: {'current': 67, 'total': 82, 'filename': 'DSC_0214.NEF'}
2025-12-07 13:33:18 - RENAMED: 'DSC_0214.NEF' -> ' 2024.03.15-11.03.22.067..NEF'
2025-12-07 13:33:18 - PROGRESS: {'current': 68, 'total': 82, 'filename': 'DSC_0215.NEF'}
2025-12-07 13:33:18 - RENAMED: 'DSC_0215.NEF' -> ' 2024.03.15-11.03.39.068..NEF'
2025-12-07 13:33:18 - PROGRESS: {'current': 69, 'total': 82, 'filename': 'DSC_0216.NEF'}
2025-12-07 13:33:18 - RENAMED: 'DSC_0216.NEF' -> ' 2024.03.15-11.03.41.069..NEF'
2025-12-07 13:33:18 - PROGRESS: {'current': 70, 'total': 82, 'filename': 'DSC_0217.NEF'}
2025-12-07 13:33:18 - RENAMED: 'DSC_0217.NEF' -> ' 2024.03.15-11.03.43.070..NEF'
2025-12-07 13:33:18 - PROGRESS: {'current': 71, 'total': 82, 'filename': 'DSC_0218.NEF'}
2025-12-07 13:33:18 - RENAMED: 'DSC_0218.NEF' -> ' 2024.03.15-11.03.45.071..NEF'
2025-12-07 13:33:18 - PROGRESS: {'current': 72, 'total': 82, 'filename': 'DSC_0219.NEF'}
2025-12-07 13:33:18 - RENAMED: 'DSC_0219.NEF' -> ' 2024.03.15-11.03.47.072..NEF'
2025-12-07 13:33:18 - PROGRESS: {'current': 73, 'total': 82, 'filename': 'DSC_0220.NEF'}
2025-12-07 13:33:18 - RENAMED: 'DSC_0220.NEF' -> ' 2024.03.15-11.03.49.073..NEF'
2025-12-07 13:33:18 - PROGRESS: {'current': 74, 'total': 82, 'filename': 'DSC_0221.NEF'}
2025-12-07 13:33:18 - RENAMED: 'DSC_0221.NEF' -> ' 2024.03.15-11.03.50.074..NEF'
2025-12-07 13:33:18 - PROGRESS: {'current': 75, 'total': 82, 'filename': 'DSC_0222.NEF'}
2025-12-07 13:33:18 - RENAMED: 'DSC_0222.NEF' -> ' 2024.03.15-11.03.52.075..NEF'
2025-12-07 13:33:18 - PROGRESS: {'current': 76, 'total': 82, 'filename': 'DSC_0223.NEF'}
2025-12-07 13:33:18 - RENAMED: 'DSC_0223.NEF' -> ' 2024.03.15-11.16.41.076..NEF'
2025-12-07 13:33:18 - PROGRESS: {'current': 77, 'total': 82, 'filename': 'DSC_0224.NEF'}
2025-12-07 13:33:18 - RENAMED: 'DSC_0224.NEF' -> ' 2024.03.15-11.17.42.077..NEF'
2025-12-07 13:33:18 - PROGRESS: {'current': 78, 'total': 82, 'filename': 'DSC_0225.NEF'}
2025-12-07 13:33:18 - RENAMED: 'DSC_0225.NEF' -> ' 2024.03.15-11.17.46.078..NEF'
2025-12-07 13:33:18 - PROGRESS: {'current': 79, 'total': 82, 'filename': 'DSC_0226.NEF'}
2025-12-07 13:33:18 - RENAMED: 'DSC_0226.NEF' -> ' 2024.03.15-11.58.51.079..NEF'
2025-12-07 13:33:18 - PROGRESS: {'current': 80, 'total': 82, 'filename': 'DSC_0227.NEF'}
2025-12-07 13:33:18 - RENAMED: 'DSC_0227.NEF' -> ' 2024.03.15-11.59.06.080..NEF'
2025-12-07 13:33:18 - PROGRESS: {'current': 81, 'total': 82, 'filename': 'DSC_0228.NEF'}
2025-12-07 13:33:18 - RENAMED: 'DSC_0228.NEF' -> ' 2024.03.15-12.24.06.081..NEF'
2025-12-07 13:33:18 - PROGRESS: {'current': 82, 'total': 82, 'filename': 'DSC_0229.NEF'}
2025-12-07 13:33:18 - RENAMED: 'DSC_0229.NEF' -> ' 2024.03.15-12.24.11.082..NEF'
2025-12-07 13:33:18 - SESSION_COMPLETE: {'processed_count': 82, 'error_count': 0, 'skipped_count': 0, 'total_files': 82}
2025-12-07 13:33:18 - === File Processing Session Completed ===
2025-12-07 13:33:18 - Total operations: 166
2025-12-07 13:33:36 - SESSION_START: {'total_files': 91, 'folder_path': 'D:\\Photos\\Nef\\Istanbul2'}
2025-12-07 13:33:36 - PROGRESS: {'current': 1, 'total': 91, 'filename': 'DSC_0231.NEF'}
2025-12-07 13:33:36 - RENAMED: 'DSC_0231.NEF' -> ' 2024.03.15-12.41.57.001..NEF'
2025-12-07 13:33:36 - PROGRESS: {'current': 2, 'total': 91, 'filename': 'DSC_0232.NEF'}
2025-12-07 13:33:36 - RENAMED: 'DSC_0232.NEF' -> ' 2024.03.15-12.43.11.002..NEF'
2025-12-07 13:33:36 - PROGRESS: {'current': 3, 'total': 91, 'filename': 'DSC_0236.NEF'}
2025-12-07 13:33:36 - RENAMED: 'DSC_0236.NEF' -> ' 2024.03.15-12.45.57.003..NEF'
2025-12-07 13:33:36 - PROGRESS: {'current': 4, 'total': 91, 'filename': 'DSC_0237.NEF'}
2025-12-07 13:33:36 - RENAMED: 'DSC_0237.NEF' -> ' 2024.03.15-12.47.06.004..NEF'
2025-12-07 13:33:36 - PROGRESS: {'current': 5, 'total': 91, 'filename': 'DSC_0240.NEF'}
2025-12-07 13:33:36 - RENAMED: 'DSC_0240.NEF' -> ' 2024.03.15-12.55.37.005..NEF'
2025-12-07 13:33:36 - PROGRESS: {'current': 6, 'total': 91, 'filename': 'DSC_0241.NEF'}
2025-12-07 13:33:36 - RENAMED: 'DSC_0241.NEF' -> ' 2024.03.15-12.55.42.006..NEF'
2025-12-07 13:33:36 - PROGRESS: {'current': 7, 'total': 91, 'filename': 'DSC_0242.NEF'}
2025-12-07 13:33:36 - RENAMED: 'DSC_0242.NEF' -> ' 2024.03.15-12.58.20.007..NEF'
2025-12-07 13:33:36 - PROGRESS: {'current': 8, 'total': 91, 'filename': 'DSC_0243.NEF'}
2025-12-07 13:33:36 - RENAMED: 'DSC_0243.NEF' -> ' 2024.03.15-12.58.28.008..NEF'
2025-12-07 13:33:36 - PROGRESS: {'current': 9, 'total': 91, 'filename': 'DSC_0244.NEF'}
2025-12-07 13:33:36 - RENAMED: 'DSC_0244.NEF' -> ' 2024.03.15-12.58.36.009..NEF'
2025-12-07 13:33:36 - PROGRESS: {'current': 10, 'total': 91, 'filename': 'DSC_0245.NEF'}
2025-12-07 13:33:36 - RENAMED: 'DSC_0245.NEF' -> ' 2024.03.15-12.58.54.010..NEF'
2025-12-07 13:33:36 - PROGRESS: {'current': 11, 'total': 91, 'filename': 'DSC_0246.NEF'}
2025-12-07 13:33:36 - RENAMED: 'DSC_0246.NEF' -> ' 2024.03.15-12.59.33.011..NEF'
2025-12-07 13:33:36 - PROGRESS: {'current': 12, 'total': 91, 'filename': 'DSC_0249.NEF'}
2025-12-07 13:33:36 - RENAMED: 'DSC_0249.NEF' -> ' 2024.03.15-13.00.32.012..NEF'
2025-12-07 13:33:36 - PROGRESS: {'current': 13, 'total': 91, 'filename': 'DSC_0250.NEF'}
2025-12-07 13:33:36 - RENAMED: 'DSC_0250.NEF' -> ' 2024.03.15-13.00.37.013..NEF'
2025-12-07 13:33:36 - PROGRESS: {'current': 14, 'total': 91, 'filename': 'DSC_0252.NEF'}
2025-12-07 13:33:36 - RENAMED: 'DSC_0252.NEF' -> ' 2024.03.15-13.01.17.014..NEF'
2025-12-07 13:33:36 - PROGRESS: {'current': 15, 'total': 91, 'filename': 'DSC_0255.NEF'}
2025-12-07 13:33:36 - RENAMED: 'DSC_0255.NEF' -> ' 2024.03.15-13.02.06.015..NEF'
2025-12-07 13:33:36 - PROGRESS: {'current': 16, 'total': 91, 'filename': 'DSC_0256.NEF'}
2025-12-07 13:33:36 - RENAMED: 'DSC_0256.NEF' -> ' 2024.03.15-13.04.38.016..NEF'
2025-12-07 13:33:36 - PROGRESS: {'current': 17, 'total': 91, 'filename': 'DSC_0257.NEF'}
2025-12-07 13:33:36 - RENAMED: 'DSC_0257.NEF' -> ' 2024.03.15-13.05.32.017..NEF'
2025-12-07 13:33:36 - PROGRESS: {'current': 18, 'total': 91, 'filename': 'DSC_0258.NEF'}
2025-12-07 13:33:36 - RENAMED: 'DSC_0258.NEF' -> ' 2024.03.15-13.05.37.018..NEF'
2025-12-07 13:33:36 - PROGRESS: {'current': 19, 'total': 91, 'filename': 'DSC_0259.NEF'}
2025-12-07 13:33:36 - RENAMED: 'DSC_0259.NEF' -> ' 2024.03.15-13.44.31.019..NEF'
2025-12-07 13:33:36 - PROGRESS: {'current': 20, 'total': 91, 'filename': 'DSC_0260.NEF'}
2025-12-07 13:33:36 - RENAMED: 'DSC_0260.NEF' -> ' 2024.03.15-13.44.34.020..NEF'
2025-12-07 13:33:36 - PROGRESS: {'current': 21, 'total': 91, 'filename': 'DSC_0261.NEF'}
2025-12-07 13:33:36 - RENAMED: 'DSC_0261.NEF' -> ' 2024.03.15-14.03.07.021..NEF'
2025-12-07 13:33:36 - PROGRESS: {'current': 22, 'total': 91, 'filename': 'DSC_0262.NEF'}
2025-12-07 13:33:36 - RENAMED: 'DSC_0262.NEF' -> ' 2024.03.15-14.03.11.022..NEF'
2025-12-07 13:33:36 - PROGRESS: {'current': 23, 'total': 91, 'filename': 'DSC_0263.NEF'}
2025-12-07 13:33:36 - RENAMED: 'DSC_0263.NEF' -> ' 2024.03.15-14.03.34.023..NEF'
2025-12-07 13:33:36 - PROGRESS: {'current': 24, 'total': 91, 'filename': 'DSC_0264.NEF'}
2025-12-07 13:33:36 - RENAMED: 'DSC_0264.NEF' -> ' 2024.03.15-14.03.37.024..NEF'
2025-12-07 13:33:36 - PROGRESS: {'current': 25, 'total': 91, 'filename': 'DSC_0265.NEF'}
2025-12-07 13:33:36 - RENAMED: 'DSC_0265.NEF' -> ' 2024.03.15-15.16.39.025..NEF'
2025-12-07 13:33:36 - PROGRESS: {'current': 26, 'total': 91, 'filename': 'DSC_0266.NEF'}
2025-12-07 13:33:36 - RENAMED: 'DSC_0266.NEF' -> ' 2024.03.15-15.16.42.026..NEF'
2025-12-07 13:33:36 - PROGRESS: {'current': 27, 'total': 91, 'filename': 'DSC_0267.NEF'}
2025-12-07 13:33:36 - RENAMED: 'DSC_0267.NEF' -> ' 2024.03.15-15.24.55.027..NEF'
2025-12-07 13:33:36 - PROGRESS: {'current': 28, 'total': 91, 'filename': 'DSC_0268.NEF'}
2025-12-07 13:33:36 - RENAMED: 'DSC_0268.NEF' -> ' 2024.03.15-15.27.50.028..NEF'
2025-12-07 13:33:36 - PROGRESS: {'current': 29, 'total': 91, 'filename': 'DSC_0269.NEF'}
2025-12-07 13:33:36 - RENAMED: 'DSC_0269.NEF' -> ' 2024.03.15-15.27.52.029..NEF'
2025-12-07 13:33:36 - PROGRESS: {'current': 30, 'total': 91, 'filename': 'DSC_0271.NEF'}
2025-12-07 13:33:36 - RENAMED: 'DSC_0271.NEF' -> ' 2024.03.15-16.16.25.030..NEF'
2025-12-07 13:33:36 - PROGRESS: {'current': 31, 'total': 91, 'filename': 'DSC_0272.NEF'}
2025-12-07 13:33:36 - RENAMED: 'DSC_0272.NEF' -> ' 2024.03.15-16.38.07.031..NEF'
2025-12-07 13:33:36 - PROGRESS: {'current': 32, 'total': 91, 'filename': 'DSC_0274.NEF'}
2025-12-07 13:33:36 - RENAMED: 'DSC_0274.NEF' -> ' 2024.03.15-16.38.18.032..NEF'
2025-12-07 13:33:36 - PROGRESS: {'current': 33, 'total': 91, 'filename': 'DSC_0276.NEF'}
2025-12-07 13:33:36 - RENAMED: 'DSC_0276.NEF' -> ' 2024.03.15-16.53.18.033..NEF'
2025-12-07 13:33:36 - PROGRESS: {'current': 34, 'total': 91, 'filename': 'DSC_0277.NEF'}
2025-12-07 13:33:36 - RENAMED: 'DSC_0277.NEF' -> ' 2024.03.15-16.53.30.034..NEF'
2025-12-07 13:33:36 - PROGRESS: {'current': 35, 'total': 91, 'filename': 'DSC_0278.NEF'}
2025-12-07 13:33:36 - RENAMED: 'DSC_0278.NEF' -> ' 2024.03.15-16.54.39.035..NEF'
2025-12-07 13:33:36 - PROGRESS: {'current': 36, 'total': 91, 'filename': 'DSC_0279.NEF'}
2025-12-07 13:33:36 - RENAMED: 'DSC_0279.NEF' -> ' 2024.03.15-17.09.49.036..NEF'
2025-12-07 13:33:36 - PROGRESS: {'current': 37, 'total': 91, 'filename': 'DSC_0280.NEF'}
2025-12-07 13:33:36 - RENAMED: 'DSC_0280.NEF' -> ' 2024.03.15-17.09.55.037..NEF'
2025-12-07 13:33:36 - PROGRESS: {'current': 38, 'total': 91, 'filename': 'DSC_0281.NEF'}
2025-12-07 13:33:36 - RENAMED: 'DSC_0281.NEF' -> ' 2024.03.15-17.14.46.038..NEF'
2025-12-07 13:33:36 - PROGRESS: {'current': 39, 'total': 91, 'filename': 'DSC_0283.NEF'}
2025-12-07 13:33:36 - RENAMED: 'DSC_0283.NEF' -> ' 2024.03.15-17.14.49.039..NEF'
2025-12-07 13:33:36 - PROGRESS: {'current': 40, 'total': 91, 'filename': 'DSC_0284.NEF'}
2025-12-07 13:33:36 - RENAMED: 'DSC_0284.NEF' -> ' 2024.03.15-17.14.51.040..NEF'
2025-12-07 13:33:36 - PROGRESS: {'current': 41, 'total': 91, 'filename': 'DSC_0285.NEF'}
2025-12-07 13:33:36 - RENAMED: 'DSC_0285.NEF' -> ' 2024.03.15-17.14.52.041..NEF'
2025-12-07 13:33:36 - PROGRESS: {'current': 42, 'total': 91, 'filename': 'DSC_0286.NEF'}
2025-12-07 13:33:36 - RENAMED: 'DSC_0286.NEF' -> ' 2024.03.15-17.16.02.042..NEF'
2025-12-07 13:33:36 - PROGRESS: {'current': 43, 'total': 91, 'filename': 'DSC_0287.NEF'}
2025-12-07 13:33:36 - RENAMED: 'DSC_0287.NEF' -> ' 2024.03.15-17.31.38.043..NEF'
2025-12-07 13:33:36 - PROGRESS: {'current': 44, 'total': 91, 'filename': 'DSC_0291.NEF'}
2025-12-07 13:33:36 - RENAMED: 'DSC_0291.NEF' -> ' 2024.03.15-17.47.54.044..NEF'
2025-12-07 13:33:36 - PROGRESS: {'current': 45, 'total': 91, 'filename': 'DSC_0292.NEF'}
2025-12-07 13:33:36 - RENAMED: 'DSC_0292.NEF' -> ' 2024.03.15-17.54.10.045..NEF'
2025-12-07 13:33:36 - PROGRESS: {'current': 46, 'total': 91, 'filename': 'DSC_0293.NEF'}
2025-12-07 13:33:36 - RENAMED: 'DSC_0293.NEF' -> ' 2024.03.15-17.54.12.046..NEF'
2025-12-07 13:33:36 - PROGRESS: {'current': 47, 'total': 91, 'filename': 'DSC_0294.NEF'}
2025-12-07 13:33:36 - RENAMED: 'DSC_0294.NEF' -> ' 2024.03.15-17.54.13.047..NEF'
2025-12-07 13:33:36 - PROGRESS: {'current': 48, 'total': 91, 'filename': 'DSC_0295.NEF'}
2025-12-07 13:33:36 - RENAMED: 'DSC_0295.NEF' -> ' 2024.03.15-17.54.14.048..NEF'
2025-12-07 13:33:36 - PROGRESS: {'current': 49, 'total': 91, 'filename': 'DSC_0296.NEF'}
2025-12-07 13:33:36 - RENAMED: 'DSC_0296.NEF' -> ' 2024.03.15-17.54.17.049..NEF'
2025-12-07 13:33:36 - PROGRESS: {'current': 50, 'total': 91, 'filename': 'DSC_0297.NEF'}
2025-12-07 13:33:36 - RENAMED: 'DSC_0297.NEF' -> ' 2024.03.15-17.54.34.050..NEF'
2025-12-07 13:33:36 - PROGRESS: {'current': 51, 'total': 91, 'filename': 'DSC_0298.NEF'}
2025-12-07 13:33:36 - RENAMED: 'DSC_0298.NEF' -> ' 2024.03.15-17.55.25.051..NEF'
2025-12-07 13:33:36 - PROGRESS: {'current': 52, 'total': 91, 'filename': 'DSC_0300.NEF'}
2025-12-07 13:33:36 - RENAMED: 'DSC_0300.NEF' -> ' 2024.03.15-18.11.57.052..NEF'
2025-12-07 13:33:36 - PROGRESS: {'current': 53, 'total': 91, 'filename': 'DSC_0302.NEF'}
2025-12-07 13:33:36 - RENAMED: 'DSC_0302.NEF' -> ' 2024.03.15-18.12.01.053..NEF'
2025-12-07 13:33:36 - PROGRESS: {'current': 54, 'total': 91, 'filename': 'DSC_0303.NEF'}
2025-12-07 13:33:36 - RENAMED: 'DSC_0303.NEF' -> ' 2024.03.15-18.12.29.054..NEF'
2025-12-07 13:33:36 - PROGRESS: {'current': 55, 'total': 91, 'filename': 'DSC_0304.NEF'}
2025-12-07 13:33:36 - RENAMED: 'DSC_0304.NEF' -> ' 2024.03.15-18.12.32.055..NEF'
2025-12-07 13:33:36 - PROGRESS: {'current': 56, 'total': 91, 'filename': 'DSC_0305.NEF'}
2025-12-07 13:33:36 - RENAMED: 'DSC_0305.NEF' -> ' 2024.03.15-18.14.08.056..NEF'
2025-12-07 13:33:36 - PROGRESS: {'current': 57, 'total': 91, 'filename': 'DSC_0306.NEF'}
2025-12-07 13:33:36 - RENAMED: 'DSC_0306.NEF' -> ' 2024.03.15-18.15.48.057..NEF'
2025-12-07 13:33:36 - PROGRESS: {'current': 58, 'total': 91, 'filename': 'DSC_0307.NEF'}
2025-12-07 13:33:36 - RENAMED: 'DSC_0307.NEF' -> ' 2024.03.15-18.35.50.058..NEF'
2025-12-07 13:33:36 - PROGRESS: {'current': 59, 'total': 91, 'filename': 'DSC_0308.NEF'}
2025-12-07 13:33:36 - RENAMED: 'DSC_0308.NEF' -> ' 2024.03.15-18.35.53.059..NEF'
2025-12-07 13:33:36 - PROGRESS: {'current': 60, 'total': 91, 'filename': 'DSC_0309.NEF'}
2025-12-07 13:33:36 - RENAMED: 'DSC_0309.NEF' -> ' 2024.03.15-18.39.43.060..NEF'
2025-12-07 13:33:36 - PROGRESS: {'current': 61, 'total': 91, 'filename': 'DSC_0312.NEF'}
2025-12-07 13:33:36 - RENAMED: 'DSC_0312.NEF' -> ' 2024.03.17-09.03.39.061..NEF'
2025-12-07 13:33:36 - PROGRESS: {'current': 62, 'total': 91, 'filename': 'DSC_0313.NEF'}
2025-12-07 13:33:36 - RENAMED: 'DSC_0313.NEF' -> ' 2024.03.17-09.03.42.062..NEF'
2025-12-07 13:33:36 - PROGRESS: {'current': 63, 'total': 91, 'filename': 'DSC_0314.NEF'}
2025-12-07 13:33:36 - RENAMED: 'DSC_0314.NEF' -> ' 2024.03.17-09.04.20.063..NEF'
2025-12-07 13:33:36 - PROGRESS: {'current': 64, 'total': 91, 'filename': 'DSC_0315.NEF'}
2025-12-07 13:33:36 - RENAMED: 'DSC_0315.NEF' -> ' 2024.03.17-09.04.29.064..NEF'
2025-12-07 13:33:36 - PROGRESS: {'current': 65, 'total': 91, 'filename': 'DSC_0316.NEF'}
2025-12-07 13:33:36 - RENAMED: 'DSC_0316.NEF' -> ' 2024.03.17-09.04.41.065..NEF'
2025-12-07 13:33:36 - PROGRESS: {'current': 66, 'total': 91, 'filename': 'DSC_0317.NEF'}
2025-12-07 13:33:36 - RENAMED: 'DSC_0317.NEF' -> ' 2024.03.17-09.04.43.066..NEF'
2025-12-07 13:33:36 - PROGRESS: {'current': 67, 'total': 91, 'filename': 'DSC_0318.NEF'}
2025-12-07 13:33:37 - RENAMED: 'DSC_0318.NEF' -> ' 2024.03.17-09.10.51.067..NEF'
2025-12-07 13:33:37 - PROGRESS: {'current': 68, 'total': 91, 'filename': 'DSC_0319.NEF'}
2025-12-07 13:33:37 - RENAMED: 'DSC_0319.NEF' -> ' 2024.03.17-09.10.53.068..NEF'
2025-12-07 13:33:37 - PROGRESS: {'current': 69, 'total': 91, 'filename': 'DSC_0320.NEF'}
2025-12-07 13:33:37 - RENAMED: 'DSC_0320.NEF' -> ' 2024.03.17-09.11.00.069..NEF'
2025-12-07 13:33:37 - PROGRESS: {'current': 70, 'total': 91, 'filename': 'DSC_0321.NEF'}
2025-12-07 13:33:37 - RENAMED: 'DSC_0321.NEF' -> ' 2024.03.17-09.16.22.070..NEF'
2025-12-07 13:33:37 - PROGRESS: {'current': 71, 'total': 91, 'filename': 'DSC_0324.NEF'}
2025-12-07 13:33:37 - RENAMED: 'DSC_0324.NEF' -> ' 2024.03.17-09.25.18.071..NEF'
2025-12-07 13:33:37 - PROGRESS: {'current': 72, 'total': 91, 'filename': 'DSC_0328.NEF'}
2025-12-07 13:33:37 - RENAMED: 'DSC_0328.NEF' -> ' 2024.03.17-09.26.02.072..NEF'
2025-12-07 13:33:37 - PROGRESS: {'current': 73, 'total': 91, 'filename': 'DSC_0329.NEF'}
2025-12-07 13:33:37 - RENAMED: 'DSC_0329.NEF' -> ' 2024.03.17-09.26.04.073..NEF'
2025-12-07 13:33:37 - PROGRESS: {'current': 74, 'total': 91, 'filename': 'DSC_0334.NEF'}
2025-12-07 13:33:37 - RENAMED: 'DSC_0334.NEF' -> ' 2024.03.17-09.29.04.074..NEF'
2025-12-07 13:33:37 - PROGRESS: {'current': 75, 'total': 91, 'filename': 'DSC_0335.NEF'}
2025-12-07 13:33:37 - RENAMED: 'DSC_0335.NEF' -> ' 2024.03.17-09.29.36.075..NEF'
2025-12-07 13:33:37 - PROGRESS: {'current': 76, 'total': 91, 'filename': 'DSC_0336.NEF'}
2025-12-07 13:33:37 - RENAMED: 'DSC_0336.NEF' -> ' 2024.03.17-09.30.18.076..NEF'
2025-12-07 13:33:37 - PROGRESS: {'current': 77, 'total': 91, 'filename': 'DSC_0337.NEF'}
2025-12-07 13:33:37 - RENAMED: 'DSC_0337.NEF' -> ' 2024.03.17-09.30.27.077..NEF'
2025-12-07 13:33:37 - PROGRESS: {'current': 78, 'total': 91, 'filename': 'DSC_0339.NEF'}
2025-12-07 13:33:37 - RENAMED: 'DSC_0339.NEF' -> ' 2024.03.17-09.30.34.078..NEF'
2025-12-07 13:33:37 - PROGRESS: {'current': 79, 'total': 91, 'filename': 'DSC_0340.NEF'}
2025-12-07 13:33:37 - RENAMED: 'DSC_0340.NEF' -> ' 2024.03.17-09.51.16.079..NEF'
2025-12-07 13:33:37 - PROGRESS: {'current': 80, 'total': 91, 'filename': 'DSC_0341.NEF'}
2025-12-07 13:33:37 - RENAMED: 'DSC_0341.NEF' -> ' 2024.03.17-09.51.17.080..NEF'
2025-12-07 13:33:37 - PROGRESS: {'current': 81, 'total': 91, 'filename': 'DSC_0342.NEF'}
2025-12-07 13:33:37 - RENAMED: 'DSC_0342.NEF' -> ' 2024.03.17-09.51.20.081..NEF'
2025-12-07 13:33:37 - PROGRESS: {'current': 82, 'total': 91, 'filename': 'DSC_0343.NEF'}
2025-12-07 13:33:37 - RENAMED: 'DSC_0343.NEF' -> ' 2024.03.17-09.51.40.082..NEF'
2025-12-07 13:33:37 - PROGRESS: {'current': 83, 'total': 91, 'filename': 'DSC_0345.NEF'}
2025-12-07 13:33:37 - RENAMED: 'DSC_0345.NEF' -> ' 2024.03.17-09.52.07.083..NEF'
2025-12-07 13:33:37 - PROGRESS: {'current': 84, 'total': 91, 'filename': 'DSC_0346.NEF'}
2025-12-07 13:33:37 - RENAMED: 'DSC_0346.NEF' -> ' 2024.03.17-09.53.22.084..NEF'
2025-12-07 13:33:37 - PROGRESS: {'current': 85, 'total': 91, 'filename': 'DSC_0347.NEF'}
2025-12-07 13:33:37 - RENAMED: 'DSC_0347.NEF' -> ' 2024.03.17-11.09.00.085..NEF'
2025-12-07 13:33:37 - PROGRESS: {'current': 86, 'total': 91, 'filename': 'DSC_0348.NEF'}
2025-12-07 13:33:37 - RENAMED: 'DSC_0348.NEF' -> ' 2024.03.17-11.18.39.086..NEF'
2025-12-07 13:33:37 - PROGRESS: {'current': 87, 'total': 91, 'filename': 'DSC_0350.NEF'}
2025-12-07 13:33:37 - RENAMED: 'DSC_0350.NEF' -> ' 2024.03.17-11.22.50.087..NEF'
2025-12-07 13:33:37 - PROGRESS: {'current': 88, 'total': 91, 'filename': 'DSC_0353.NEF'}
2025-12-07 13:33:37 - RENAMED: 'DSC_0353.NEF' -> ' 2024.03.17-11.31.21.088..NEF'
2025-12-07 13:33:37 - PROGRESS: {'current': 89, 'total': 91, 'filename': 'DSC_0356.NEF'}
2025-12-07 13:33:37 - RENAMED: 'DSC_0356.NEF' -> ' 2024.03.17-17.13.52.089..NEF'
2025-12-07 13:33:37 - PROGRESS: {'current': 90, 'total': 91, 'filename': 'DSC_0357.NEF'}
2025-12-07 13:33:37 - RENAMED: 'DSC_0357.NEF' -> ' 2024.03.17-17.19.37.090..NEF'
2025-12-07 13:33:37 - PROGRESS: {'current': 91, 'total': 91, 'filename': 'DSC_0359.NEF'}
2025-12-07 13:33:37 - RENAMED: 'DSC_0359.NEF' -> ' 2024.03.17-17.24.13.091..NEF'
2025-12-07 13:33:37 - SESSION_COMPLETE: {'processed_count': 91, 'error_count': 0, 'skipped_count': 0, 'total_files': 91}
2025-12-07 13:33:37 - === File Processing Session Completed ===
2025-12-07 13:33:37 - Total operations: 350
2025-12-07 13:33:47 - === File Processing Session Completed ===
2025-12-07 13:33:47 - Total operations: 350
2025-12-07 13:33:47 - === File Processing Session Completed ===
2025-12-07 13:33:47 - Total operations: 350
