2025-12-07 14:20:30 - === File Processing Session Started ===
2025-12-07 14:21:45 - SESSION_START: {'total_files': 26, 'folder_path': 'D:\\Photos\\Nef\\2024'}
2025-12-07 14:21:45 - PROGRESS: {'current': 1, 'total': 26, 'filename': 'DSC_0091.NEF'}
2025-12-07 14:21:45 - RENAMED: 'DSC_0091.NEF' -> ' 2024.03.02-12.47.19.062..NEF'
2025-12-07 14:21:45 - PROGRESS: {'current': 2, 'total': 26, 'filename': 'DSC_0092.NEF'}
2025-12-07 14:21:45 - RENAMED: 'DSC_0092.NEF' -> ' 2024.03.02-12.47.30.063..NEF'
2025-12-07 14:21:45 - PROGRESS: {'current': 3, 'total': 26, 'filename': 'DSC_0093.NEF'}
2025-12-07 14:21:45 - RENAMED: 'DSC_0093.NEF' -> ' 2024.03.02-12.47.34.064..NEF'
2025-12-07 14:21:45 - PROGRESS: {'current': 4, 'total': 26, 'filename': 'DSC_0094.NEF'}
2025-12-07 14:21:45 - RENAMED: 'DSC_0094.NEF' -> ' 2024.03.02-12.47.36.065..NEF'
2025-12-07 14:21:45 - PROGRESS: {'current': 5, 'total': 26, 'filename': 'DSC_0095.NEF'}
2025-12-07 14:21:45 - RENAMED: 'DSC_0095.NEF' -> ' 2024.03.02-12.47.38.066..NEF'
2025-12-07 14:21:45 - PROGRESS: {'current': 6, 'total': 26, 'filename': 'DSC_0096.NEF'}
2025-12-07 14:21:45 - RENAMED: 'DSC_0096.NEF' -> ' 2024.03.02-13.24.42.067..NEF'
2025-12-07 14:21:45 - PROGRESS: {'current': 7, 'total': 26, 'filename': 'DSC_0097.NEF'}
2025-12-07 14:21:45 - RENAMED: 'DSC_0097.NEF' -> ' 2024.03.02-13.25.02.068..NEF'
2025-12-07 14:21:45 - PROGRESS: {'current': 8, 'total': 26, 'filename': 'DSC_0098.NEF'}
2025-12-07 14:21:45 - RENAMED: 'DSC_0098.NEF' -> ' 2024.03.02-13.25.12.069..NEF'
2025-12-07 14:21:45 - PROGRESS: {'current': 9, 'total': 26, 'filename': 'DSC_0099.NEF'}
2025-12-07 14:21:45 - RENAMED: 'DSC_0099.NEF' -> ' 2024.03.02-13.25.45.070..NEF'
2025-12-07 14:21:45 - PROGRESS: {'current': 10, 'total': 26, 'filename': 'DSC_0100.NEF'}
2025-12-07 14:21:45 - RENAMED: 'DSC_0100.NEF' -> ' 2024.03.02-13.25.49.071..NEF'
2025-12-07 14:21:45 - PROGRESS: {'current': 11, 'total': 26, 'filename': 'DSC_0101.NEF'}
2025-12-07 14:21:45 - RENAMED: 'DSC_0101.NEF' -> ' 2024.03.02-13.26.14.072..NEF'
2025-12-07 14:21:45 - PROGRESS: {'current': 12, 'total': 26, 'filename': 'DSC_0102.NEF'}
2025-12-07 14:21:45 - RENAMED: 'DSC_0102.NEF' -> ' 2024.03.02-13.27.02.073..NEF'
2025-12-07 14:21:45 - PROGRESS: {'current': 13, 'total': 26, 'filename': 'DSC_0103.NEF'}
2025-12-07 14:21:45 - RENAMED: 'DSC_0103.NEF' -> ' 2024.03.02-13.27.04.074..NEF'
2025-12-07 14:21:45 - PROGRESS: {'current': 14, 'total': 26, 'filename': 'DSC_0105.NEF'}
2025-12-07 14:21:45 - RENAMED: 'DSC_0105.NEF' -> ' 2024.03.02-15.05.08.075..NEF'
2025-12-07 14:21:45 - PROGRESS: {'current': 15, 'total': 26, 'filename': 'DSC_0106.NEF'}
2025-12-07 14:21:45 - RENAMED: 'DSC_0106.NEF' -> ' 2024.03.02-15.19.39.076..NEF'
2025-12-07 14:21:45 - PROGRESS: {'current': 16, 'total': 26, 'filename': 'DSC_0112.NEF'}
2025-12-07 14:21:45 - RENAMED: 'DSC_0112.NEF' -> ' 2024.03.02-15.57.20.077..NEF'
2025-12-07 14:21:45 - PROGRESS: {'current': 17, 'total': 26, 'filename': 'DSC_0113.NEF'}
2025-12-07 14:21:45 - RENAMED: 'DSC_0113.NEF' -> ' 2024.03.02-15.57.33.078..NEF'
2025-12-07 14:21:45 - PROGRESS: {'current': 18, 'total': 26, 'filename': 'DSC_0114.NEF'}
2025-12-07 14:21:45 - RENAMED: 'DSC_0114.NEF' -> ' 2024.03.02-15.57.57.079..NEF'
2025-12-07 14:21:45 - PROGRESS: {'current': 19, 'total': 26, 'filename': 'DSC_0115.NEF'}
2025-12-07 14:21:45 - RENAMED: 'DSC_0115.NEF' -> ' 2024.03.02-15.58.31.080..NEF'
2025-12-07 14:21:45 - PROGRESS: {'current': 20, 'total': 26, 'filename': 'DSC_0117.NEF'}
2025-12-07 14:21:45 - RENAMED: 'DSC_0117.NEF' -> ' 2024.03.02-15.58.51.081..NEF'
2025-12-07 14:21:45 - PROGRESS: {'current': 21, 'total': 26, 'filename': 'DSC_0119.NEF'}
2025-12-07 14:21:45 - RENAMED: 'DSC_0119.NEF' -> ' 2024.03.02-15.59.04.082..NEF'
2025-12-07 14:21:45 - PROGRESS: {'current': 22, 'total': 26, 'filename': 'DSC_0120.NEF'}
2025-12-07 14:21:45 - RENAMED: 'DSC_0120.NEF' -> ' 2024.03.02-17.09.24.083..NEF'
2025-12-07 14:21:45 - PROGRESS: {'current': 23, 'total': 26, 'filename': 'DSC_0121.NEF'}
2025-12-07 14:21:45 - RENAMED: 'DSC_0121.NEF' -> ' 2024.03.02-17.09.34.084..NEF'
2025-12-07 14:21:45 - PROGRESS: {'current': 24, 'total': 26, 'filename': 'DSC_0122.NEF'}
2025-12-07 14:21:45 - RENAMED: 'DSC_0122.NEF' -> ' 2024.03.02-17.09.41.085..NEF'
2025-12-07 14:21:45 - PROGRESS: {'current': 25, 'total': 26, 'filename': 'DSC_0123.NEF'}
2025-12-07 14:21:45 - RENAMED: 'DSC_0123.NEF' -> ' 2024.03.02-17.55.46.086..NEF'
2025-12-07 14:21:45 - PROGRESS: {'current': 26, 'total': 26, 'filename': 'DSC_0124.NEF'}
2025-12-07 14:21:45 - RENAMED: 'DSC_0124.NEF' -> ' 2024.03.02-17.55.52.087..NEF'
2025-12-07 14:21:45 - SESSION_COMPLETE: {'processed_count': 26, 'error_count': 0, 'skipped_count': 0, 'total_files': 26}
2025-12-07 14:21:45 - === File Processing Session Completed ===
2025-12-07 14:21:45 - Total operations: 54
2025-12-07 14:21:52 - === File Processing Session Completed ===
2025-12-07 14:21:52 - Total operations: 54
2025-12-07 14:21:52 - === File Processing Session Completed ===
2025-12-07 14:21:52 - Total operations: 54
